[0.203s] DEBUG:colcon:Command line arguments: ['/usr/bin/colcon', 'list', '-p', '--base-paths', '/home/ys/db_ws']
[0.203s] DEBUG:colcon:Parsed command line arguments: Namespace(allow_overriding=[], base_paths=['/home/ys/db_ws'], build_base='build', ignore_user_meta=False, log_base=None, log_level=None, main=<bound method ListVerb.main of <colcon_package_information.verb.list.ListVerb object at 0x7f2d49aa6250>>, metas=['./colcon.meta'], names_only=False, packages_above=None, packages_above_and_dependencies=None, packages_above_depth=None, packages_end=None, packages_ignore=None, packages_ignore_regex=None, packages_select=None, packages_select_build_failed=False, packages_select_by_dep=None, packages_select_regex=None, packages_select_test_failures=False, packages_skip=None, packages_skip_build_finished=False, packages_skip_by_dep=None, packages_skip_regex=None, packages_skip_test_passed=False, packages_skip_up_to=None, packages_start=None, packages_up_to=None, packages_up_to_regex=None, paths=None, paths_only=True, topological_graph=False, topological_graph_density=False, topological_graph_dot=False, topological_graph_dot_cluster=False, topological_graph_dot_include_skipped=False, topological_graph_legend=False, topological_order=False, verb_extension=<colcon_package_information.verb.list.ListVerb object at 0x7f2d49aa6250>, verb_name='list', verb_parser=<colcon_defaults.argument_parser.defaults.DefaultArgumentsDecorator object at 0x7f2d499b5430>)
[0.256s] Level 1:colcon.colcon_core.package_discovery:discover_packages(colcon_meta) check parameters
[0.256s] Level 1:colcon.colcon_core.package_discovery:discover_packages(recursive) check parameters
[0.256s] Level 1:colcon.colcon_core.package_discovery:discover_packages(ignore) check parameters
[0.256s] Level 1:colcon.colcon_core.package_discovery:discover_packages(path) check parameters
[0.256s] Level 1:colcon.colcon_core.package_discovery:discover_packages(recursive) discover
[0.256s] INFO:colcon.colcon_core.package_discovery:Crawling recursively for packages in '/home/ys/db_ws'
[0.256s] Level 1:colcon.colcon_core.package_identification:_identify(/home/ys/db_ws) by extensions ['ignore', 'ignore_ament_install']
[0.256s] Level 1:colcon.colcon_core.package_identification:_identify(/home/ys/db_ws) by extension 'ignore'
[0.256s] Level 1:colcon.colcon_core.package_identification:_identify(/home/ys/db_ws) by extension 'ignore_ament_install'
[0.256s] Level 1:colcon.colcon_core.package_identification:_identify(/home/ys/db_ws) by extensions ['colcon_pkg']
[0.256s] Level 1:colcon.colcon_core.package_identification:_identify(/home/ys/db_ws) by extension 'colcon_pkg'
[0.256s] Level 1:colcon.colcon_core.package_identification:_identify(/home/ys/db_ws) by extensions ['colcon_meta']
[0.256s] Level 1:colcon.colcon_core.package_identification:_identify(/home/ys/db_ws) by extension 'colcon_meta'
[0.256s] Level 1:colcon.colcon_core.package_identification:_identify(/home/ys/db_ws) by extensions ['ros']
[0.256s] Level 1:colcon.colcon_core.package_identification:_identify(/home/ys/db_ws) by extension 'ros'
[0.283s] Level 1:colcon.colcon_core.package_identification:_identify(/home/ys/db_ws) by extensions ['cmake', 'python']
[0.290s] Level 1:colcon.colcon_core.package_identification:_identify(/home/ys/db_ws) by extension 'cmake'
[0.291s] Level 1:colcon.colcon_core.package_identification:_identify(/home/ys/db_ws) by extension 'python'
[0.291s] Level 1:colcon.colcon_core.package_identification:_identify(/home/ys/db_ws) by extensions ['python_setup_py']
[0.291s] Level 1:colcon.colcon_core.package_identification:_identify(/home/ys/db_ws) by extension 'python_setup_py'
[0.291s] Level 1:colcon.colcon_core.package_identification:_identify(/home/ys/db_ws/ROS2_DB) by extensions ['ignore', 'ignore_ament_install']
[0.291s] Level 1:colcon.colcon_core.package_identification:_identify(/home/ys/db_ws/ROS2_DB) by extension 'ignore'
[0.291s] Level 1:colcon.colcon_core.package_identification:_identify(/home/ys/db_ws/ROS2_DB) by extension 'ignore_ament_install'
[0.292s] Level 1:colcon.colcon_core.package_identification:_identify(/home/ys/db_ws/ROS2_DB) by extensions ['colcon_pkg']
[0.292s] Level 1:colcon.colcon_core.package_identification:_identify(/home/ys/db_ws/ROS2_DB) by extension 'colcon_pkg'
[0.292s] Level 1:colcon.colcon_core.package_identification:_identify(/home/ys/db_ws/ROS2_DB) by extensions ['colcon_meta']
[0.293s] Level 1:colcon.colcon_core.package_identification:_identify(/home/ys/db_ws/ROS2_DB) by extension 'colcon_meta'
[0.293s] Level 1:colcon.colcon_core.package_identification:_identify(/home/ys/db_ws/ROS2_DB) by extensions ['ros']
[0.293s] Level 1:colcon.colcon_core.package_identification:_identify(/home/ys/db_ws/ROS2_DB) by extension 'ros'
[0.293s] Level 1:colcon.colcon_core.package_identification:_identify(/home/ys/db_ws/ROS2_DB) by extensions ['cmake', 'python']
[0.294s] Level 1:colcon.colcon_core.package_identification:_identify(/home/ys/db_ws/ROS2_DB) by extension 'cmake'
[0.294s] Level 1:colcon.colcon_core.package_identification:_identify(/home/ys/db_ws/ROS2_DB) by extension 'python'
[0.294s] Level 1:colcon.colcon_core.package_identification:_identify(/home/ys/db_ws/ROS2_DB) by extensions ['python_setup_py']
[0.294s] Level 1:colcon.colcon_core.package_identification:_identify(/home/ys/db_ws/ROS2_DB) by extension 'python_setup_py'
[0.298s] Level 1:colcon.colcon_core.package_identification:_identify(/home/ys/db_ws/build) by extensions ['ignore', 'ignore_ament_install']
[0.298s] Level 1:colcon.colcon_core.package_identification:_identify(/home/ys/db_ws/build) by extension 'ignore'
[0.299s] Level 1:colcon.colcon_core.package_identification:_identify(/home/ys/db_ws/build) ignored
[0.299s] Level 1:colcon.colcon_core.package_identification:_identify(/home/ys/db_ws/install) by extensions ['ignore', 'ignore_ament_install']
[0.299s] Level 1:colcon.colcon_core.package_identification:_identify(/home/ys/db_ws/install) by extension 'ignore'
[0.299s] Level 1:colcon.colcon_core.package_identification:_identify(/home/ys/db_ws/install) ignored
[0.299s] Level 1:colcon.colcon_core.package_identification:_identify(/home/ys/db_ws/log) by extensions ['ignore', 'ignore_ament_install']
[0.299s] Level 1:colcon.colcon_core.package_identification:_identify(/home/ys/db_ws/log) by extension 'ignore'
[0.299s] Level 1:colcon.colcon_core.package_identification:_identify(/home/ys/db_ws/log) ignored
[0.299s] Level 1:colcon.colcon_core.package_identification:_identify(/home/ys/db_ws/ros2swarm) by extensions ['ignore', 'ignore_ament_install']
[0.299s] Level 1:colcon.colcon_core.package_identification:_identify(/home/ys/db_ws/ros2swarm) by extension 'ignore'
[0.299s] Level 1:colcon.colcon_core.package_identification:_identify(/home/ys/db_ws/ros2swarm) by extension 'ignore_ament_install'
[0.299s] Level 1:colcon.colcon_core.package_identification:_identify(/home/ys/db_ws/ros2swarm) by extensions ['colcon_pkg']
[0.299s] Level 1:colcon.colcon_core.package_identification:_identify(/home/ys/db_ws/ros2swarm) by extension 'colcon_pkg'
[0.300s] Level 1:colcon.colcon_core.package_identification:_identify(/home/ys/db_ws/ros2swarm) by extensions ['colcon_meta']
[0.300s] Level 1:colcon.colcon_core.package_identification:_identify(/home/ys/db_ws/ros2swarm) by extension 'colcon_meta'
[0.300s] Level 1:colcon.colcon_core.package_identification:_identify(/home/ys/db_ws/ros2swarm) by extensions ['ros']
[0.300s] Level 1:colcon.colcon_core.package_identification:_identify(/home/ys/db_ws/ros2swarm) by extension 'ros'
[0.300s] Level 1:colcon.colcon_core.package_identification:_identify(/home/ys/db_ws/ros2swarm) by extensions ['cmake', 'python']
[0.300s] Level 1:colcon.colcon_core.package_identification:_identify(/home/ys/db_ws/ros2swarm) by extension 'cmake'
[0.300s] Level 1:colcon.colcon_core.package_identification:_identify(/home/ys/db_ws/ros2swarm) by extension 'python'
[0.300s] Level 1:colcon.colcon_core.package_identification:_identify(/home/ys/db_ws/ros2swarm) by extensions ['python_setup_py']
[0.300s] Level 1:colcon.colcon_core.package_identification:_identify(/home/ys/db_ws/ros2swarm) by extension 'python_setup_py'
[0.300s] Level 1:colcon.colcon_core.package_identification:_identify(/home/ys/db_ws/ros2swarm/WafflePi_Model_Extension) by extensions ['ignore', 'ignore_ament_install']
[0.300s] Level 1:colcon.colcon_core.package_identification:_identify(/home/ys/db_ws/ros2swarm/WafflePi_Model_Extension) by extension 'ignore'
[0.300s] Level 1:colcon.colcon_core.package_identification:_identify(/home/ys/db_ws/ros2swarm/WafflePi_Model_Extension) by extension 'ignore_ament_install'
[0.300s] Level 1:colcon.colcon_core.package_identification:_identify(/home/ys/db_ws/ros2swarm/WafflePi_Model_Extension) by extensions ['colcon_pkg']
[0.300s] Level 1:colcon.colcon_core.package_identification:_identify(/home/ys/db_ws/ros2swarm/WafflePi_Model_Extension) by extension 'colcon_pkg'
[0.300s] Level 1:colcon.colcon_core.package_identification:_identify(/home/ys/db_ws/ros2swarm/WafflePi_Model_Extension) by extensions ['colcon_meta']
[0.300s] Level 1:colcon.colcon_core.package_identification:_identify(/home/ys/db_ws/ros2swarm/WafflePi_Model_Extension) by extension 'colcon_meta'
[0.300s] Level 1:colcon.colcon_core.package_identification:_identify(/home/ys/db_ws/ros2swarm/WafflePi_Model_Extension) by extensions ['ros']
[0.300s] Level 1:colcon.colcon_core.package_identification:_identify(/home/ys/db_ws/ros2swarm/WafflePi_Model_Extension) by extension 'ros'
[0.300s] Level 1:colcon.colcon_core.package_identification:_identify(/home/ys/db_ws/ros2swarm/WafflePi_Model_Extension) by extensions ['cmake', 'python']
[0.300s] Level 1:colcon.colcon_core.package_identification:_identify(/home/ys/db_ws/ros2swarm/WafflePi_Model_Extension) by extension 'cmake'
[0.300s] Level 1:colcon.colcon_core.package_identification:_identify(/home/ys/db_ws/ros2swarm/WafflePi_Model_Extension) by extension 'python'
[0.300s] Level 1:colcon.colcon_core.package_identification:_identify(/home/ys/db_ws/ros2swarm/WafflePi_Model_Extension) by extensions ['python_setup_py']
[0.300s] Level 1:colcon.colcon_core.package_identification:_identify(/home/ys/db_ws/ros2swarm/WafflePi_Model_Extension) by extension 'python_setup_py'
[0.300s] Level 1:colcon.colcon_core.package_identification:_identify(/home/ys/db_ws/ros2swarm/WafflePi_Model_Extension/turtlebot3_burger_invisible_sensors) by extensions ['ignore', 'ignore_ament_install']
[0.300s] Level 1:colcon.colcon_core.package_identification:_identify(/home/ys/db_ws/ros2swarm/WafflePi_Model_Extension/turtlebot3_burger_invisible_sensors) by extension 'ignore'
[0.300s] Level 1:colcon.colcon_core.package_identification:_identify(/home/ys/db_ws/ros2swarm/WafflePi_Model_Extension/turtlebot3_burger_invisible_sensors) by extension 'ignore_ament_install'
[0.300s] Level 1:colcon.colcon_core.package_identification:_identify(/home/ys/db_ws/ros2swarm/WafflePi_Model_Extension/turtlebot3_burger_invisible_sensors) by extensions ['colcon_pkg']
[0.301s] Level 1:colcon.colcon_core.package_identification:_identify(/home/ys/db_ws/ros2swarm/WafflePi_Model_Extension/turtlebot3_burger_invisible_sensors) by extension 'colcon_pkg'
[0.301s] Level 1:colcon.colcon_core.package_identification:_identify(/home/ys/db_ws/ros2swarm/WafflePi_Model_Extension/turtlebot3_burger_invisible_sensors) by extensions ['colcon_meta']
[0.301s] Level 1:colcon.colcon_core.package_identification:_identify(/home/ys/db_ws/ros2swarm/WafflePi_Model_Extension/turtlebot3_burger_invisible_sensors) by extension 'colcon_meta'
[0.301s] Level 1:colcon.colcon_core.package_identification:_identify(/home/ys/db_ws/ros2swarm/WafflePi_Model_Extension/turtlebot3_burger_invisible_sensors) by extensions ['ros']
[0.301s] Level 1:colcon.colcon_core.package_identification:_identify(/home/ys/db_ws/ros2swarm/WafflePi_Model_Extension/turtlebot3_burger_invisible_sensors) by extension 'ros'
[0.301s] Level 1:colcon.colcon_core.package_identification:_identify(/home/ys/db_ws/ros2swarm/WafflePi_Model_Extension/turtlebot3_burger_invisible_sensors) by extensions ['cmake', 'python']
[0.301s] Level 1:colcon.colcon_core.package_identification:_identify(/home/ys/db_ws/ros2swarm/WafflePi_Model_Extension/turtlebot3_burger_invisible_sensors) by extension 'cmake'
[0.301s] Level 1:colcon.colcon_core.package_identification:_identify(/home/ys/db_ws/ros2swarm/WafflePi_Model_Extension/turtlebot3_burger_invisible_sensors) by extension 'python'
[0.301s] Level 1:colcon.colcon_core.package_identification:_identify(/home/ys/db_ws/ros2swarm/WafflePi_Model_Extension/turtlebot3_burger_invisible_sensors) by extensions ['python_setup_py']
[0.301s] Level 1:colcon.colcon_core.package_identification:_identify(/home/ys/db_ws/ros2swarm/WafflePi_Model_Extension/turtlebot3_burger_invisible_sensors) by extension 'python_setup_py'
[0.301s] Level 1:colcon.colcon_core.package_identification:_identify(/home/ys/db_ws/ros2swarm/WafflePi_Model_Extension/turtlebot3_burger_invisible_sensors/meshes) by extensions ['ignore', 'ignore_ament_install']
[0.301s] Level 1:colcon.colcon_core.package_identification:_identify(/home/ys/db_ws/ros2swarm/WafflePi_Model_Extension/turtlebot3_burger_invisible_sensors/meshes) by extension 'ignore'
[0.301s] Level 1:colcon.colcon_core.package_identification:_identify(/home/ys/db_ws/ros2swarm/WafflePi_Model_Extension/turtlebot3_burger_invisible_sensors/meshes) by extension 'ignore_ament_install'
[0.301s] Level 1:colcon.colcon_core.package_identification:_identify(/home/ys/db_ws/ros2swarm/WafflePi_Model_Extension/turtlebot3_burger_invisible_sensors/meshes) by extensions ['colcon_pkg']
[0.301s] Level 1:colcon.colcon_core.package_identification:_identify(/home/ys/db_ws/ros2swarm/WafflePi_Model_Extension/turtlebot3_burger_invisible_sensors/meshes) by extension 'colcon_pkg'
[0.305s] Level 1:colcon.colcon_core.package_identification:_identify(/home/ys/db_ws/ros2swarm/WafflePi_Model_Extension/turtlebot3_burger_invisible_sensors/meshes) by extensions ['colcon_meta']
[0.306s] Level 1:colcon.colcon_core.package_identification:_identify(/home/ys/db_ws/ros2swarm/WafflePi_Model_Extension/turtlebot3_burger_invisible_sensors/meshes) by extension 'colcon_meta'
[0.306s] Level 1:colcon.colcon_core.package_identification:_identify(/home/ys/db_ws/ros2swarm/WafflePi_Model_Extension/turtlebot3_burger_invisible_sensors/meshes) by extensions ['ros']
[0.306s] Level 1:colcon.colcon_core.package_identification:_identify(/home/ys/db_ws/ros2swarm/WafflePi_Model_Extension/turtlebot3_burger_invisible_sensors/meshes) by extension 'ros'
[0.306s] Level 1:colcon.colcon_core.package_identification:_identify(/home/ys/db_ws/ros2swarm/WafflePi_Model_Extension/turtlebot3_burger_invisible_sensors/meshes) by extensions ['cmake', 'python']
[0.306s] Level 1:colcon.colcon_core.package_identification:_identify(/home/ys/db_ws/ros2swarm/WafflePi_Model_Extension/turtlebot3_burger_invisible_sensors/meshes) by extension 'cmake'
[0.307s] Level 1:colcon.colcon_core.package_identification:_identify(/home/ys/db_ws/ros2swarm/WafflePi_Model_Extension/turtlebot3_burger_invisible_sensors/meshes) by extension 'python'
[0.307s] Level 1:colcon.colcon_core.package_identification:_identify(/home/ys/db_ws/ros2swarm/WafflePi_Model_Extension/turtlebot3_burger_invisible_sensors/meshes) by extensions ['python_setup_py']
[0.307s] Level 1:colcon.colcon_core.package_identification:_identify(/home/ys/db_ws/ros2swarm/WafflePi_Model_Extension/turtlebot3_burger_invisible_sensors/meshes) by extension 'python_setup_py'
[0.307s] Level 1:colcon.colcon_core.package_identification:_identify(/home/ys/db_ws/ros2swarm/WafflePi_Model_Extension/turtlebot3_waffle_pi_invisible_sensors) by extensions ['ignore', 'ignore_ament_install']
[0.307s] Level 1:colcon.colcon_core.package_identification:_identify(/home/ys/db_ws/ros2swarm/WafflePi_Model_Extension/turtlebot3_waffle_pi_invisible_sensors) by extension 'ignore'
[0.307s] Level 1:colcon.colcon_core.package_identification:_identify(/home/ys/db_ws/ros2swarm/WafflePi_Model_Extension/turtlebot3_waffle_pi_invisible_sensors) by extension 'ignore_ament_install'
[0.307s] Level 1:colcon.colcon_core.package_identification:_identify(/home/ys/db_ws/ros2swarm/WafflePi_Model_Extension/turtlebot3_waffle_pi_invisible_sensors) by extensions ['colcon_pkg']
[0.307s] Level 1:colcon.colcon_core.package_identification:_identify(/home/ys/db_ws/ros2swarm/WafflePi_Model_Extension/turtlebot3_waffle_pi_invisible_sensors) by extension 'colcon_pkg'
[0.307s] Level 1:colcon.colcon_core.package_identification:_identify(/home/ys/db_ws/ros2swarm/WafflePi_Model_Extension/turtlebot3_waffle_pi_invisible_sensors) by extensions ['colcon_meta']
[0.307s] Level 1:colcon.colcon_core.package_identification:_identify(/home/ys/db_ws/ros2swarm/WafflePi_Model_Extension/turtlebot3_waffle_pi_invisible_sensors) by extension 'colcon_meta'
[0.307s] Level 1:colcon.colcon_core.package_identification:_identify(/home/ys/db_ws/ros2swarm/WafflePi_Model_Extension/turtlebot3_waffle_pi_invisible_sensors) by extensions ['ros']
[0.307s] Level 1:colcon.colcon_core.package_identification:_identify(/home/ys/db_ws/ros2swarm/WafflePi_Model_Extension/turtlebot3_waffle_pi_invisible_sensors) by extension 'ros'
[0.311s] Level 1:colcon.colcon_core.package_identification:_identify(/home/ys/db_ws/ros2swarm/WafflePi_Model_Extension/turtlebot3_waffle_pi_invisible_sensors) by extensions ['cmake', 'python']
[0.311s] Level 1:colcon.colcon_core.package_identification:_identify(/home/ys/db_ws/ros2swarm/WafflePi_Model_Extension/turtlebot3_waffle_pi_invisible_sensors) by extension 'cmake'
[0.311s] Level 1:colcon.colcon_core.package_identification:_identify(/home/ys/db_ws/ros2swarm/WafflePi_Model_Extension/turtlebot3_waffle_pi_invisible_sensors) by extension 'python'
[0.311s] Level 1:colcon.colcon_core.package_identification:_identify(/home/ys/db_ws/ros2swarm/WafflePi_Model_Extension/turtlebot3_waffle_pi_invisible_sensors) by extensions ['python_setup_py']
[0.311s] Level 1:colcon.colcon_core.package_identification:_identify(/home/ys/db_ws/ros2swarm/WafflePi_Model_Extension/turtlebot3_waffle_pi_invisible_sensors) by extension 'python_setup_py'
[0.311s] Level 1:colcon.colcon_core.package_identification:_identify(/home/ys/db_ws/ros2swarm/WafflePi_Model_Extension/turtlebot3_waffle_pi_invisible_sensors/meshes) by extensions ['ignore', 'ignore_ament_install']
[0.311s] Level 1:colcon.colcon_core.package_identification:_identify(/home/ys/db_ws/ros2swarm/WafflePi_Model_Extension/turtlebot3_waffle_pi_invisible_sensors/meshes) by extension 'ignore'
[0.311s] Level 1:colcon.colcon_core.package_identification:_identify(/home/ys/db_ws/ros2swarm/WafflePi_Model_Extension/turtlebot3_waffle_pi_invisible_sensors/meshes) by extension 'ignore_ament_install'
[0.311s] Level 1:colcon.colcon_core.package_identification:_identify(/home/ys/db_ws/ros2swarm/WafflePi_Model_Extension/turtlebot3_waffle_pi_invisible_sensors/meshes) by extensions ['colcon_pkg']
[0.311s] Level 1:colcon.colcon_core.package_identification:_identify(/home/ys/db_ws/ros2swarm/WafflePi_Model_Extension/turtlebot3_waffle_pi_invisible_sensors/meshes) by extension 'colcon_pkg'
[0.311s] Level 1:colcon.colcon_core.package_identification:_identify(/home/ys/db_ws/ros2swarm/WafflePi_Model_Extension/turtlebot3_waffle_pi_invisible_sensors/meshes) by extensions ['colcon_meta']
[0.311s] Level 1:colcon.colcon_core.package_identification:_identify(/home/ys/db_ws/ros2swarm/WafflePi_Model_Extension/turtlebot3_waffle_pi_invisible_sensors/meshes) by extension 'colcon_meta'
[0.311s] Level 1:colcon.colcon_core.package_identification:_identify(/home/ys/db_ws/ros2swarm/WafflePi_Model_Extension/turtlebot3_waffle_pi_invisible_sensors/meshes) by extensions ['ros']
[0.311s] Level 1:colcon.colcon_core.package_identification:_identify(/home/ys/db_ws/ros2swarm/WafflePi_Model_Extension/turtlebot3_waffle_pi_invisible_sensors/meshes) by extension 'ros'
[0.312s] Level 1:colcon.colcon_core.package_identification:_identify(/home/ys/db_ws/ros2swarm/WafflePi_Model_Extension/turtlebot3_waffle_pi_invisible_sensors/meshes) by extensions ['cmake', 'python']
[0.312s] Level 1:colcon.colcon_core.package_identification:_identify(/home/ys/db_ws/ros2swarm/WafflePi_Model_Extension/turtlebot3_waffle_pi_invisible_sensors/meshes) by extension 'cmake'
[0.312s] Level 1:colcon.colcon_core.package_identification:_identify(/home/ys/db_ws/ros2swarm/WafflePi_Model_Extension/turtlebot3_waffle_pi_invisible_sensors/meshes) by extension 'python'
[0.312s] Level 1:colcon.colcon_core.package_identification:_identify(/home/ys/db_ws/ros2swarm/WafflePi_Model_Extension/turtlebot3_waffle_pi_invisible_sensors/meshes) by extensions ['python_setup_py']
[0.312s] Level 1:colcon.colcon_core.package_identification:_identify(/home/ys/db_ws/ros2swarm/WafflePi_Model_Extension/turtlebot3_waffle_pi_invisible_sensors/meshes) by extension 'python_setup_py'
[0.312s] Level 1:colcon.colcon_core.package_identification:_identify(/home/ys/db_ws/ros2swarm/WafflePi_Model_Extension/turtlebot3_waffle_pi_led) by extensions ['ignore', 'ignore_ament_install']
[0.312s] Level 1:colcon.colcon_core.package_identification:_identify(/home/ys/db_ws/ros2swarm/WafflePi_Model_Extension/turtlebot3_waffle_pi_led) by extension 'ignore'
[0.312s] Level 1:colcon.colcon_core.package_identification:_identify(/home/ys/db_ws/ros2swarm/WafflePi_Model_Extension/turtlebot3_waffle_pi_led) by extension 'ignore_ament_install'
[0.312s] Level 1:colcon.colcon_core.package_identification:_identify(/home/ys/db_ws/ros2swarm/WafflePi_Model_Extension/turtlebot3_waffle_pi_led) by extensions ['colcon_pkg']
[0.312s] Level 1:colcon.colcon_core.package_identification:_identify(/home/ys/db_ws/ros2swarm/WafflePi_Model_Extension/turtlebot3_waffle_pi_led) by extension 'colcon_pkg'
[0.312s] Level 1:colcon.colcon_core.package_identification:_identify(/home/ys/db_ws/ros2swarm/WafflePi_Model_Extension/turtlebot3_waffle_pi_led) by extensions ['colcon_meta']
[0.312s] Level 1:colcon.colcon_core.package_identification:_identify(/home/ys/db_ws/ros2swarm/WafflePi_Model_Extension/turtlebot3_waffle_pi_led) by extension 'colcon_meta'
[0.314s] Level 1:colcon.colcon_core.package_identification:_identify(/home/ys/db_ws/ros2swarm/WafflePi_Model_Extension/turtlebot3_waffle_pi_led) by extensions ['ros']
[0.314s] Level 1:colcon.colcon_core.package_identification:_identify(/home/ys/db_ws/ros2swarm/WafflePi_Model_Extension/turtlebot3_waffle_pi_led) by extension 'ros'
[0.314s] Level 1:colcon.colcon_core.package_identification:_identify(/home/ys/db_ws/ros2swarm/WafflePi_Model_Extension/turtlebot3_waffle_pi_led) by extensions ['cmake', 'python']
[0.314s] Level 1:colcon.colcon_core.package_identification:_identify(/home/ys/db_ws/ros2swarm/WafflePi_Model_Extension/turtlebot3_waffle_pi_led) by extension 'cmake'
[0.314s] Level 1:colcon.colcon_core.package_identification:_identify(/home/ys/db_ws/ros2swarm/WafflePi_Model_Extension/turtlebot3_waffle_pi_led) by extension 'python'
[0.314s] Level 1:colcon.colcon_core.package_identification:_identify(/home/ys/db_ws/ros2swarm/WafflePi_Model_Extension/turtlebot3_waffle_pi_led) by extensions ['python_setup_py']
[0.314s] Level 1:colcon.colcon_core.package_identification:_identify(/home/ys/db_ws/ros2swarm/WafflePi_Model_Extension/turtlebot3_waffle_pi_led) by extension 'python_setup_py'
[0.314s] Level 1:colcon.colcon_core.package_identification:_identify(/home/ys/db_ws/ros2swarm/WafflePi_Model_Extension/turtlebot3_waffle_pi_led/meshes) by extensions ['ignore', 'ignore_ament_install']
[0.326s] Level 1:colcon.colcon_core.package_identification:_identify(/home/ys/db_ws/ros2swarm/WafflePi_Model_Extension/turtlebot3_waffle_pi_led/meshes) by extension 'ignore'
[0.327s] Level 1:colcon.colcon_core.package_identification:_identify(/home/ys/db_ws/ros2swarm/WafflePi_Model_Extension/turtlebot3_waffle_pi_led/meshes) by extension 'ignore_ament_install'
[0.330s] Level 1:colcon.colcon_core.package_identification:_identify(/home/ys/db_ws/ros2swarm/WafflePi_Model_Extension/turtlebot3_waffle_pi_led/meshes) by extensions ['colcon_pkg']
[0.330s] Level 1:colcon.colcon_core.package_identification:_identify(/home/ys/db_ws/ros2swarm/WafflePi_Model_Extension/turtlebot3_waffle_pi_led/meshes) by extension 'colcon_pkg'
[0.330s] Level 1:colcon.colcon_core.package_identification:_identify(/home/ys/db_ws/ros2swarm/WafflePi_Model_Extension/turtlebot3_waffle_pi_led/meshes) by extensions ['colcon_meta']
[0.330s] Level 1:colcon.colcon_core.package_identification:_identify(/home/ys/db_ws/ros2swarm/WafflePi_Model_Extension/turtlebot3_waffle_pi_led/meshes) by extension 'colcon_meta'
[0.330s] Level 1:colcon.colcon_core.package_identification:_identify(/home/ys/db_ws/ros2swarm/WafflePi_Model_Extension/turtlebot3_waffle_pi_led/meshes) by extensions ['ros']
[0.330s] Level 1:colcon.colcon_core.package_identification:_identify(/home/ys/db_ws/ros2swarm/WafflePi_Model_Extension/turtlebot3_waffle_pi_led/meshes) by extension 'ros'
[0.330s] Level 1:colcon.colcon_core.package_identification:_identify(/home/ys/db_ws/ros2swarm/WafflePi_Model_Extension/turtlebot3_waffle_pi_led/meshes) by extensions ['cmake', 'python']
[0.330s] Level 1:colcon.colcon_core.package_identification:_identify(/home/ys/db_ws/ros2swarm/WafflePi_Model_Extension/turtlebot3_waffle_pi_led/meshes) by extension 'cmake'
[0.330s] Level 1:colcon.colcon_core.package_identification:_identify(/home/ys/db_ws/ros2swarm/WafflePi_Model_Extension/turtlebot3_waffle_pi_led/meshes) by extension 'python'
[0.330s] Level 1:colcon.colcon_core.package_identification:_identify(/home/ys/db_ws/ros2swarm/WafflePi_Model_Extension/turtlebot3_waffle_pi_led/meshes) by extensions ['python_setup_py']
[0.330s] Level 1:colcon.colcon_core.package_identification:_identify(/home/ys/db_ws/ros2swarm/WafflePi_Model_Extension/turtlebot3_waffle_pi_led/meshes) by extension 'python_setup_py'
[0.330s] Level 1:colcon.colcon_core.package_identification:_identify(/home/ys/db_ws/ros2swarm/log) by extensions ['ignore', 'ignore_ament_install']
[0.330s] Level 1:colcon.colcon_core.package_identification:_identify(/home/ys/db_ws/ros2swarm/log) by extension 'ignore'
[0.330s] Level 1:colcon.colcon_core.package_identification:_identify(/home/ys/db_ws/ros2swarm/log) ignored
[0.330s] Level 1:colcon.colcon_core.package_identification:_identify(/home/ys/db_ws/ros2swarm/rviz) by extensions ['ignore', 'ignore_ament_install']
[0.330s] Level 1:colcon.colcon_core.package_identification:_identify(/home/ys/db_ws/ros2swarm/rviz) by extension 'ignore'
[0.330s] Level 1:colcon.colcon_core.package_identification:_identify(/home/ys/db_ws/ros2swarm/rviz) by extension 'ignore_ament_install'
[0.331s] Level 1:colcon.colcon_core.package_identification:_identify(/home/ys/db_ws/ros2swarm/rviz) by extensions ['colcon_pkg']
[0.331s] Level 1:colcon.colcon_core.package_identification:_identify(/home/ys/db_ws/ros2swarm/rviz) by extension 'colcon_pkg'
[0.331s] Level 1:colcon.colcon_core.package_identification:_identify(/home/ys/db_ws/ros2swarm/rviz) by extensions ['colcon_meta']
[0.331s] Level 1:colcon.colcon_core.package_identification:_identify(/home/ys/db_ws/ros2swarm/rviz) by extension 'colcon_meta'
[0.331s] Level 1:colcon.colcon_core.package_identification:_identify(/home/ys/db_ws/ros2swarm/rviz) by extensions ['ros']
[0.331s] Level 1:colcon.colcon_core.package_identification:_identify(/home/ys/db_ws/ros2swarm/rviz) by extension 'ros'
[0.331s] Level 1:colcon.colcon_core.package_identification:_identify(/home/ys/db_ws/ros2swarm/rviz) by extensions ['cmake', 'python']
[0.331s] Level 1:colcon.colcon_core.package_identification:_identify(/home/ys/db_ws/ros2swarm/rviz) by extension 'cmake'
[0.331s] Level 1:colcon.colcon_core.package_identification:_identify(/home/ys/db_ws/ros2swarm/rviz) by extension 'python'
[0.331s] Level 1:colcon.colcon_core.package_identification:_identify(/home/ys/db_ws/ros2swarm/rviz) by extensions ['python_setup_py']
[0.331s] Level 1:colcon.colcon_core.package_identification:_identify(/home/ys/db_ws/ros2swarm/rviz) by extension 'python_setup_py'
[0.331s] Level 1:colcon.colcon_core.package_identification:_identify(/home/ys/db_ws/ros2swarm/scripts) by extensions ['ignore', 'ignore_ament_install']
[0.331s] Level 1:colcon.colcon_core.package_identification:_identify(/home/ys/db_ws/ros2swarm/scripts) by extension 'ignore'
[0.331s] Level 1:colcon.colcon_core.package_identification:_identify(/home/ys/db_ws/ros2swarm/scripts) by extension 'ignore_ament_install'
[0.331s] Level 1:colcon.colcon_core.package_identification:_identify(/home/ys/db_ws/ros2swarm/scripts) by extensions ['colcon_pkg']
[0.331s] Level 1:colcon.colcon_core.package_identification:_identify(/home/ys/db_ws/ros2swarm/scripts) by extension 'colcon_pkg'
[0.331s] Level 1:colcon.colcon_core.package_identification:_identify(/home/ys/db_ws/ros2swarm/scripts) by extensions ['colcon_meta']
[0.331s] Level 1:colcon.colcon_core.package_identification:_identify(/home/ys/db_ws/ros2swarm/scripts) by extension 'colcon_meta'
[0.331s] Level 1:colcon.colcon_core.package_identification:_identify(/home/ys/db_ws/ros2swarm/scripts) by extensions ['ros']
[0.331s] Level 1:colcon.colcon_core.package_identification:_identify(/home/ys/db_ws/ros2swarm/scripts) by extension 'ros'
[0.331s] Level 1:colcon.colcon_core.package_identification:_identify(/home/ys/db_ws/ros2swarm/scripts) by extensions ['cmake', 'python']
[0.331s] Level 1:colcon.colcon_core.package_identification:_identify(/home/ys/db_ws/ros2swarm/scripts) by extension 'cmake'
[0.331s] Level 1:colcon.colcon_core.package_identification:_identify(/home/ys/db_ws/ros2swarm/scripts) by extension 'python'
[0.331s] Level 1:colcon.colcon_core.package_identification:_identify(/home/ys/db_ws/ros2swarm/scripts) by extensions ['python_setup_py']
[0.331s] Level 1:colcon.colcon_core.package_identification:_identify(/home/ys/db_ws/ros2swarm/scripts) by extension 'python_setup_py'
[0.331s] Level 1:colcon.colcon_core.package_identification:_identify(/home/ys/db_ws/ros2swarm/src) by extensions ['ignore', 'ignore_ament_install']
[0.331s] Level 1:colcon.colcon_core.package_identification:_identify(/home/ys/db_ws/ros2swarm/src) by extension 'ignore'
[0.331s] Level 1:colcon.colcon_core.package_identification:_identify(/home/ys/db_ws/ros2swarm/src) by extension 'ignore_ament_install'
[0.331s] Level 1:colcon.colcon_core.package_identification:_identify(/home/ys/db_ws/ros2swarm/src) by extensions ['colcon_pkg']
[0.331s] Level 1:colcon.colcon_core.package_identification:_identify(/home/ys/db_ws/ros2swarm/src) by extension 'colcon_pkg'
[0.331s] Level 1:colcon.colcon_core.package_identification:_identify(/home/ys/db_ws/ros2swarm/src) by extensions ['colcon_meta']
[0.331s] Level 1:colcon.colcon_core.package_identification:_identify(/home/ys/db_ws/ros2swarm/src) by extension 'colcon_meta'
[0.331s] Level 1:colcon.colcon_core.package_identification:_identify(/home/ys/db_ws/ros2swarm/src) by extensions ['ros']
[0.331s] Level 1:colcon.colcon_core.package_identification:_identify(/home/ys/db_ws/ros2swarm/src) by extension 'ros'
[0.332s] Level 1:colcon.colcon_core.package_identification:_identify(/home/ys/db_ws/ros2swarm/src) by extensions ['cmake', 'python']
[0.332s] Level 1:colcon.colcon_core.package_identification:_identify(/home/ys/db_ws/ros2swarm/src) by extension 'cmake'
[0.332s] Level 1:colcon.colcon_core.package_identification:_identify(/home/ys/db_ws/ros2swarm/src) by extension 'python'
[0.332s] Level 1:colcon.colcon_core.package_identification:_identify(/home/ys/db_ws/ros2swarm/src) by extensions ['python_setup_py']
[0.332s] Level 1:colcon.colcon_core.package_identification:_identify(/home/ys/db_ws/ros2swarm/src) by extension 'python_setup_py'
[0.332s] Level 1:colcon.colcon_core.package_identification:_identify(/home/ys/db_ws/ros2swarm/src/communication_interfaces) by extensions ['ignore', 'ignore_ament_install']
[0.332s] Level 1:colcon.colcon_core.package_identification:_identify(/home/ys/db_ws/ros2swarm/src/communication_interfaces) by extension 'ignore'
[0.332s] Level 1:colcon.colcon_core.package_identification:_identify(/home/ys/db_ws/ros2swarm/src/communication_interfaces) by extension 'ignore_ament_install'
[0.332s] Level 1:colcon.colcon_core.package_identification:_identify(/home/ys/db_ws/ros2swarm/src/communication_interfaces) by extensions ['colcon_pkg']
[0.332s] Level 1:colcon.colcon_core.package_identification:_identify(/home/ys/db_ws/ros2swarm/src/communication_interfaces) by extension 'colcon_pkg'
[0.332s] Level 1:colcon.colcon_core.package_identification:_identify(/home/ys/db_ws/ros2swarm/src/communication_interfaces) by extensions ['colcon_meta']
[0.332s] Level 1:colcon.colcon_core.package_identification:_identify(/home/ys/db_ws/ros2swarm/src/communication_interfaces) by extension 'colcon_meta'
[0.332s] Level 1:colcon.colcon_core.package_identification:_identify(/home/ys/db_ws/ros2swarm/src/communication_interfaces) by extensions ['ros']
[0.332s] Level 1:colcon.colcon_core.package_identification:_identify(/home/ys/db_ws/ros2swarm/src/communication_interfaces) by extension 'ros'
[0.345s] DEBUG:colcon.colcon_core.package_identification:Package '/home/ys/db_ws/ros2swarm/src/communication_interfaces' with type 'ros.ament_cmake' and name 'communication_interfaces'
[0.345s] Level 1:colcon.colcon_core.package_identification:_identify(/home/ys/db_ws/ros2swarm/src/launch_turtlebot_gazebo) by extensions ['ignore', 'ignore_ament_install']
[0.345s] Level 1:colcon.colcon_core.package_identification:_identify(/home/ys/db_ws/ros2swarm/src/launch_turtlebot_gazebo) by extension 'ignore'
[0.345s] Level 1:colcon.colcon_core.package_identification:_identify(/home/ys/db_ws/ros2swarm/src/launch_turtlebot_gazebo) by extension 'ignore_ament_install'
[0.345s] Level 1:colcon.colcon_core.package_identification:_identify(/home/ys/db_ws/ros2swarm/src/launch_turtlebot_gazebo) by extensions ['colcon_pkg']
[0.345s] Level 1:colcon.colcon_core.package_identification:_identify(/home/ys/db_ws/ros2swarm/src/launch_turtlebot_gazebo) by extension 'colcon_pkg'
[0.345s] Level 1:colcon.colcon_core.package_identification:_identify(/home/ys/db_ws/ros2swarm/src/launch_turtlebot_gazebo) by extensions ['colcon_meta']
[0.345s] Level 1:colcon.colcon_core.package_identification:_identify(/home/ys/db_ws/ros2swarm/src/launch_turtlebot_gazebo) by extension 'colcon_meta'
[0.345s] Level 1:colcon.colcon_core.package_identification:_identify(/home/ys/db_ws/ros2swarm/src/launch_turtlebot_gazebo) by extensions ['ros']
[0.345s] Level 1:colcon.colcon_core.package_identification:_identify(/home/ys/db_ws/ros2swarm/src/launch_turtlebot_gazebo) by extension 'ros'
[0.346s] DEBUG:colcon.colcon_core.package_identification:Package '/home/ys/db_ws/ros2swarm/src/launch_turtlebot_gazebo' with type 'ros.ament_python' and name 'launch_turtlebot_gazebo'
[0.346s] Level 1:colcon.colcon_core.package_identification:_identify(/home/ys/db_ws/ros2swarm/src/ros2swarm) by extensions ['ignore', 'ignore_ament_install']
[0.346s] Level 1:colcon.colcon_core.package_identification:_identify(/home/ys/db_ws/ros2swarm/src/ros2swarm) by extension 'ignore'
[0.346s] Level 1:colcon.colcon_core.package_identification:_identify(/home/ys/db_ws/ros2swarm/src/ros2swarm) by extension 'ignore_ament_install'
[0.351s] Level 1:colcon.colcon_core.package_identification:_identify(/home/ys/db_ws/ros2swarm/src/ros2swarm) by extensions ['colcon_pkg']
[0.351s] Level 1:colcon.colcon_core.package_identification:_identify(/home/ys/db_ws/ros2swarm/src/ros2swarm) by extension 'colcon_pkg'
[0.352s] Level 1:colcon.colcon_core.package_identification:_identify(/home/ys/db_ws/ros2swarm/src/ros2swarm) by extensions ['colcon_meta']
[0.352s] Level 1:colcon.colcon_core.package_identification:_identify(/home/ys/db_ws/ros2swarm/src/ros2swarm) by extension 'colcon_meta'
[0.352s] Level 1:colcon.colcon_core.package_identification:_identify(/home/ys/db_ws/ros2swarm/src/ros2swarm) by extensions ['ros']
[0.352s] Level 1:colcon.colcon_core.package_identification:_identify(/home/ys/db_ws/ros2swarm/src/ros2swarm) by extension 'ros'
[0.353s] DEBUG:colcon.colcon_core.package_identification:Package '/home/ys/db_ws/ros2swarm/src/ros2swarm' with type 'ros.ament_python' and name 'ros2swarm'
[0.353s] Level 1:colcon.colcon_core.package_identification:_identify(/home/ys/db_ws/src) by extensions ['ignore', 'ignore_ament_install']
[0.353s] Level 1:colcon.colcon_core.package_identification:_identify(/home/ys/db_ws/src) by extension 'ignore'
[0.353s] Level 1:colcon.colcon_core.package_identification:_identify(/home/ys/db_ws/src) by extension 'ignore_ament_install'
[0.353s] Level 1:colcon.colcon_core.package_identification:_identify(/home/ys/db_ws/src) by extensions ['colcon_pkg']
[0.353s] Level 1:colcon.colcon_core.package_identification:_identify(/home/ys/db_ws/src) by extension 'colcon_pkg'
[0.353s] Level 1:colcon.colcon_core.package_identification:_identify(/home/ys/db_ws/src) by extensions ['colcon_meta']
[0.353s] Level 1:colcon.colcon_core.package_identification:_identify(/home/ys/db_ws/src) by extension 'colcon_meta'
[0.353s] Level 1:colcon.colcon_core.package_identification:_identify(/home/ys/db_ws/src) by extensions ['ros']
[0.353s] Level 1:colcon.colcon_core.package_identification:_identify(/home/ys/db_ws/src) by extension 'ros'
[0.353s] Level 1:colcon.colcon_core.package_identification:_identify(/home/ys/db_ws/src) by extensions ['cmake', 'python']
[0.353s] Level 1:colcon.colcon_core.package_identification:_identify(/home/ys/db_ws/src) by extension 'cmake'
[0.353s] Level 1:colcon.colcon_core.package_identification:_identify(/home/ys/db_ws/src) by extension 'python'
[0.353s] Level 1:colcon.colcon_core.package_identification:_identify(/home/ys/db_ws/src) by extensions ['python_setup_py']
[0.353s] Level 1:colcon.colcon_core.package_identification:_identify(/home/ys/db_ws/src) by extension 'python_setup_py'
[0.353s] Level 1:colcon.colcon_core.package_identification:_identify(/home/ys/db_ws/src/db_application) by extensions ['ignore', 'ignore_ament_install']
[0.354s] Level 1:colcon.colcon_core.package_identification:_identify(/home/ys/db_ws/src/db_application) by extension 'ignore'
[0.354s] Level 1:colcon.colcon_core.package_identification:_identify(/home/ys/db_ws/src/db_application) by extension 'ignore_ament_install'
[0.354s] Level 1:colcon.colcon_core.package_identification:_identify(/home/ys/db_ws/src/db_application) by extensions ['colcon_pkg']
[0.354s] Level 1:colcon.colcon_core.package_identification:_identify(/home/ys/db_ws/src/db_application) by extension 'colcon_pkg'
[0.354s] Level 1:colcon.colcon_core.package_identification:_identify(/home/ys/db_ws/src/db_application) by extensions ['colcon_meta']
[0.354s] Level 1:colcon.colcon_core.package_identification:_identify(/home/ys/db_ws/src/db_application) by extension 'colcon_meta'
[0.354s] Level 1:colcon.colcon_core.package_identification:_identify(/home/ys/db_ws/src/db_application) by extensions ['ros']
[0.354s] Level 1:colcon.colcon_core.package_identification:_identify(/home/ys/db_ws/src/db_application) by extension 'ros'
[0.358s] DEBUG:colcon.colcon_core.package_identification:Package '/home/ys/db_ws/src/db_application' with type 'ros.ament_python' and name 'db_subscriber'
[0.358s] Level 1:colcon.colcon_core.package_discovery:discover_packages(recursive) using defaults
