[0.215s] DEBUG:colcon:Command line arguments: ['/usr/bin/colcon', 'build', '--symlink-install']
[0.215s] DEBUG:colcon:Parsed command line arguments: Namespace(allow_overriding=[], ament_cmake_args=None, base_paths=['.'], build_base='build', catkin_cmake_args=None, catkin_skip_building_tests=False, cmake_args=None, cmake_clean_cache=False, cmake_clean_first=False, cmake_force_configure=False, cmake_target=None, cmake_target_skip_unavailable=False, continue_on_error=False, event_handlers=None, executor='parallel', ignore_user_meta=False, install_base='install', log_base=None, log_level=None, main=<bound method BuildVerb.main of <colcon_core.verb.build.BuildVerb object at 0x7f7c7e9e00d0>>, merge_install=False, metas=['./colcon.meta'], packages_above=None, packages_above_and_dependencies=None, packages_above_depth=None, packages_end=None, packages_ignore=None, packages_ignore_regex=None, packages_select=None, packages_select_build_failed=False, packages_select_by_dep=None, packages_select_regex=None, packages_select_test_failures=False, packages_skip=None, packages_skip_build_finished=False, packages_skip_by_dep=None, packages_skip_regex=None, packages_skip_test_passed=False, packages_skip_up_to=None, packages_start=None, packages_up_to=None, packages_up_to_regex=None, parallel_workers=2, paths=None, symlink_install=True, test_result_base=None, verb_extension=<colcon_core.verb.build.BuildVerb object at 0x7f7c7e9e00d0>, verb_name='build', verb_parser=<colcon_defaults.argument_parser.defaults.DefaultArgumentsDecorator object at 0x7f7c7e9e0610>)
[0.259s] Level 1:colcon.colcon_core.package_discovery:discover_packages(colcon_meta) check parameters
[0.259s] Level 1:colcon.colcon_core.package_discovery:discover_packages(recursive) check parameters
[0.259s] Level 1:colcon.colcon_core.package_discovery:discover_packages(ignore) check parameters
[0.259s] Level 1:colcon.colcon_core.package_discovery:discover_packages(path) check parameters
[0.259s] Level 1:colcon.colcon_core.package_discovery:discover_packages(colcon_meta) discover
[0.260s] Level 1:colcon.colcon_core.package_discovery:discover_packages(recursive) discover
[0.260s] INFO:colcon.colcon_core.package_discovery:Crawling recursively for packages in '/home/ys/db_ws'
[0.260s] Level 1:colcon.colcon_core.package_identification:_identify(.) by extensions ['ignore', 'ignore_ament_install']
[0.260s] Level 1:colcon.colcon_core.package_identification:_identify(.) by extension 'ignore'
[0.260s] Level 1:colcon.colcon_core.package_identification:_identify(.) by extension 'ignore_ament_install'
[0.260s] Level 1:colcon.colcon_core.package_identification:_identify(.) by extensions ['colcon_pkg']
[0.261s] Level 1:colcon.colcon_core.package_identification:_identify(.) by extension 'colcon_pkg'
[0.261s] Level 1:colcon.colcon_core.package_identification:_identify(.) by extensions ['colcon_meta']
[0.261s] Level 1:colcon.colcon_core.package_identification:_identify(.) by extension 'colcon_meta'
[0.261s] Level 1:colcon.colcon_core.package_identification:_identify(.) by extensions ['ros']
[0.261s] Level 1:colcon.colcon_core.package_identification:_identify(.) by extension 'ros'
[0.282s] Level 1:colcon.colcon_core.package_identification:_identify(.) by extensions ['cmake', 'python']
[0.283s] Level 1:colcon.colcon_core.package_identification:_identify(.) by extension 'cmake'
[0.283s] Level 1:colcon.colcon_core.package_identification:_identify(.) by extension 'python'
[0.283s] Level 1:colcon.colcon_core.package_identification:_identify(.) by extensions ['python_setup_py']
[0.283s] Level 1:colcon.colcon_core.package_identification:_identify(.) by extension 'python_setup_py'
[0.283s] Level 1:colcon.colcon_core.package_identification:_identify(build) by extensions ['ignore', 'ignore_ament_install']
[0.283s] Level 1:colcon.colcon_core.package_identification:_identify(build) by extension 'ignore'
[0.283s] Level 1:colcon.colcon_core.package_identification:_identify(build) ignored
[0.284s] Level 1:colcon.colcon_core.package_identification:_identify(install) by extensions ['ignore', 'ignore_ament_install']
[0.284s] Level 1:colcon.colcon_core.package_identification:_identify(install) by extension 'ignore'
[0.284s] Level 1:colcon.colcon_core.package_identification:_identify(install) ignored
[0.284s] Level 1:colcon.colcon_core.package_identification:_identify(log) by extensions ['ignore', 'ignore_ament_install']
[0.284s] Level 1:colcon.colcon_core.package_identification:_identify(log) by extension 'ignore'
[0.284s] Level 1:colcon.colcon_core.package_identification:_identify(log) ignored
[0.284s] Level 1:colcon.colcon_core.package_identification:_identify(src) by extensions ['ignore', 'ignore_ament_install']
[0.284s] Level 1:colcon.colcon_core.package_identification:_identify(src) by extension 'ignore'
[0.284s] Level 1:colcon.colcon_core.package_identification:_identify(src) by extension 'ignore_ament_install'
[0.285s] Level 1:colcon.colcon_core.package_identification:_identify(src) by extensions ['colcon_pkg']
[0.285s] Level 1:colcon.colcon_core.package_identification:_identify(src) by extension 'colcon_pkg'
[0.285s] Level 1:colcon.colcon_core.package_identification:_identify(src) by extensions ['colcon_meta']
[0.285s] Level 1:colcon.colcon_core.package_identification:_identify(src) by extension 'colcon_meta'
[0.285s] Level 1:colcon.colcon_core.package_identification:_identify(src) by extensions ['ros']
[0.285s] Level 1:colcon.colcon_core.package_identification:_identify(src) by extension 'ros'
[0.285s] Level 1:colcon.colcon_core.package_identification:_identify(src) by extensions ['cmake', 'python']
[0.285s] Level 1:colcon.colcon_core.package_identification:_identify(src) by extension 'cmake'
[0.285s] Level 1:colcon.colcon_core.package_identification:_identify(src) by extension 'python'
[0.285s] Level 1:colcon.colcon_core.package_identification:_identify(src) by extensions ['python_setup_py']
[0.285s] Level 1:colcon.colcon_core.package_identification:_identify(src) by extension 'python_setup_py'
[0.285s] Level 1:colcon.colcon_core.package_identification:_identify(src/db_application) by extensions ['ignore', 'ignore_ament_install']
[0.286s] Level 1:colcon.colcon_core.package_identification:_identify(src/db_application) by extension 'ignore'
[0.286s] Level 1:colcon.colcon_core.package_identification:_identify(src/db_application) by extension 'ignore_ament_install'
[0.286s] Level 1:colcon.colcon_core.package_identification:_identify(src/db_application) by extensions ['colcon_pkg']
[0.286s] Level 1:colcon.colcon_core.package_identification:_identify(src/db_application) by extension 'colcon_pkg'
[0.286s] Level 1:colcon.colcon_core.package_identification:_identify(src/db_application) by extensions ['colcon_meta']
[0.286s] Level 1:colcon.colcon_core.package_identification:_identify(src/db_application) by extension 'colcon_meta'
[0.286s] Level 1:colcon.colcon_core.package_identification:_identify(src/db_application) by extensions ['ros']
[0.286s] Level 1:colcon.colcon_core.package_identification:_identify(src/db_application) by extension 'ros'
[0.289s] DEBUG:colcon.colcon_core.package_identification:Package 'src/db_application' with type 'ros.ament_python' and name 'db_subscriber'
[0.289s] Level 1:colcon.colcon_core.package_discovery:discover_packages(recursive) using defaults
[0.289s] Level 1:colcon.colcon_core.package_discovery:discover_packages(ignore) discover
[0.289s] Level 1:colcon.colcon_core.package_discovery:discover_packages(ignore) using defaults
[0.289s] Level 1:colcon.colcon_core.package_discovery:discover_packages(path) discover
[0.289s] Level 1:colcon.colcon_core.package_discovery:discover_packages(path) using defaults
[0.328s] Level 1:colcon.colcon_core.package_discovery:discover_packages(prefix_path) check parameters
[0.329s] Level 1:colcon.colcon_core.package_discovery:discover_packages(prefix_path) discover
[0.334s] DEBUG:colcon.colcon_installed_package_information.package_discovery:Found 4 installed packages in /home/ys/ros2swarm/install
[0.335s] DEBUG:colcon.colcon_installed_package_information.package_discovery:Found 12 installed packages in /home/ys/turtlebot3_ws/install
[0.340s] DEBUG:colcon.colcon_installed_package_information.package_discovery:Found 341 installed packages in /opt/ros/foxy
[0.347s] Level 1:colcon.colcon_core.package_discovery:discover_packages(prefix_path) using defaults
[0.468s] Level 5:colcon.colcon_core.verb:set package 'db_subscriber' build argument 'cmake_args' from command line to 'None'
[0.468s] Level 5:colcon.colcon_core.verb:set package 'db_subscriber' build argument 'cmake_target' from command line to 'None'
[0.469s] Level 5:colcon.colcon_core.verb:set package 'db_subscriber' build argument 'cmake_target_skip_unavailable' from command line to 'False'
[0.469s] Level 5:colcon.colcon_core.verb:set package 'db_subscriber' build argument 'cmake_clean_cache' from command line to 'False'
[0.469s] Level 5:colcon.colcon_core.verb:set package 'db_subscriber' build argument 'cmake_clean_first' from command line to 'False'
[0.469s] Level 5:colcon.colcon_core.verb:set package 'db_subscriber' build argument 'cmake_force_configure' from command line to 'False'
[0.469s] Level 5:colcon.colcon_core.verb:set package 'db_subscriber' build argument 'ament_cmake_args' from command line to 'None'
[0.469s] Level 5:colcon.colcon_core.verb:set package 'db_subscriber' build argument 'catkin_cmake_args' from command line to 'None'
[0.469s] Level 5:colcon.colcon_core.verb:set package 'db_subscriber' build argument 'catkin_skip_building_tests' from command line to 'False'
[0.469s] DEBUG:colcon.colcon_core.verb:Building package 'db_subscriber' with the following arguments: {'ament_cmake_args': None, 'build_base': '/home/ys/db_ws/build/db_subscriber', 'catkin_cmake_args': None, 'catkin_skip_building_tests': False, 'cmake_args': None, 'cmake_clean_cache': False, 'cmake_clean_first': False, 'cmake_force_configure': False, 'cmake_target': None, 'cmake_target_skip_unavailable': False, 'install_base': '/home/ys/db_ws/install/db_subscriber', 'merge_install': False, 'path': '/home/ys/db_ws/src/db_application', 'symlink_install': True, 'test_result_base': None}
[0.469s] INFO:colcon.colcon_core.executor:Executing jobs using 'parallel' executor
[0.474s] DEBUG:colcon.colcon_parallel_executor.executor.parallel:run_until_complete
[0.476s] INFO:colcon.colcon_ros.task.ament_python.build:Building ROS package in '/home/ys/db_ws/src/db_application' with build type 'ament_python'
[0.476s] Level 1:colcon.colcon_core.shell:create_environment_hook('db_subscriber', 'ament_prefix_path')
[0.483s] INFO:colcon.colcon_core.plugin_system:Skipping extension 'colcon_core.shell.bat': Not used on non-Windows systems
[0.484s] INFO:colcon.colcon_core.shell:Creating environment hook '/home/ys/db_ws/install/db_subscriber/share/db_subscriber/hook/ament_prefix_path.ps1'
[0.485s] INFO:colcon.colcon_core.shell:Creating environment descriptor '/home/ys/db_ws/install/db_subscriber/share/db_subscriber/hook/ament_prefix_path.dsv'
[0.485s] INFO:colcon.colcon_core.shell:Creating environment hook '/home/ys/db_ws/install/db_subscriber/share/db_subscriber/hook/ament_prefix_path.sh'
[0.487s] INFO:colcon.colcon_core.shell:Skip shell extension 'powershell' for command environment: Not usable outside of PowerShell
[0.487s] DEBUG:colcon.colcon_core.shell:Skip shell extension 'dsv' for command environment
[0.978s] INFO:colcon.colcon_core.task.python.build:Building Python package in '/home/ys/db_ws/src/db_application'
[0.983s] INFO:colcon.colcon_core.shell:Skip shell extension 'powershell' for command environment: Not usable outside of PowerShell
[0.983s] DEBUG:colcon.colcon_core.shell:Skip shell extension 'dsv' for command environment
[1.870s] DEBUG:colcon.colcon_core.event_handler.log_command:Invoking command in '/home/ys/db_ws/build/db_subscriber': PYTHONPATH=/home/ys/db_ws/install/db_subscriber/lib/python3.8/site-packages:${PYTHONPATH} /usr/bin/python3 setup.py develop --prefix /home/ys/db_ws/install/db_subscriber --editable --build-directory /home/ys/db_ws/build/db_subscriber/build --no-deps install_data --install-dir /home/ys/db_ws/install/db_subscriber
[2.646s] Level 1:colcon.colcon_core.shell:create_environment_hook('db_subscriber', 'pythonpath_develop')
[2.649s] INFO:colcon.colcon_core.shell:Creating environment hook '/home/ys/db_ws/build/db_subscriber/share/db_subscriber/hook/pythonpath_develop.ps1'
[2.651s] INFO:colcon.colcon_core.shell:Creating environment descriptor '/home/ys/db_ws/build/db_subscriber/share/db_subscriber/hook/pythonpath_develop.dsv'
[2.652s] INFO:colcon.colcon_core.shell:Creating environment hook '/home/ys/db_ws/build/db_subscriber/share/db_subscriber/hook/pythonpath_develop.sh'
[2.657s] DEBUG:colcon.colcon_core.event_handler.log_command:Invoked command in '/home/ys/db_ws/build/db_subscriber' returned '0': PYTHONPATH=/home/ys/db_ws/install/db_subscriber/lib/python3.8/site-packages:${PYTHONPATH} /usr/bin/python3 setup.py develop --prefix /home/ys/db_ws/install/db_subscriber --editable --build-directory /home/ys/db_ws/build/db_subscriber/build --no-deps install_data --install-dir /home/ys/db_ws/install/db_subscriber
[2.663s] Level 1:colcon.colcon_core.environment:checking '/home/ys/db_ws/install/db_subscriber' for CMake module files
[2.664s] Level 1:colcon.colcon_core.environment:checking '/home/ys/db_ws/install/db_subscriber' for CMake config files
[2.666s] Level 1:colcon.colcon_core.environment:checking '/home/ys/db_ws/install/db_subscriber/lib'
[2.667s] Level 1:colcon.colcon_core.environment:checking '/home/ys/db_ws/install/db_subscriber/bin'
[2.667s] Level 1:colcon.colcon_core.environment:checking '/home/ys/db_ws/install/db_subscriber/lib/pkgconfig/db_subscriber.pc'
[2.667s] Level 1:colcon.colcon_core.environment:checking '/home/ys/db_ws/install/db_subscriber/lib/python3.8/site-packages'
[2.668s] Level 1:colcon.colcon_core.shell:create_environment_hook('db_subscriber', 'pythonpath')
[2.668s] INFO:colcon.colcon_core.shell:Creating environment hook '/home/ys/db_ws/install/db_subscriber/share/db_subscriber/hook/pythonpath.ps1'
[2.669s] INFO:colcon.colcon_core.shell:Creating environment descriptor '/home/ys/db_ws/install/db_subscriber/share/db_subscriber/hook/pythonpath.dsv'
[2.670s] INFO:colcon.colcon_core.shell:Creating environment hook '/home/ys/db_ws/install/db_subscriber/share/db_subscriber/hook/pythonpath.sh'
[2.671s] Level 1:colcon.colcon_core.environment:checking '/home/ys/db_ws/install/db_subscriber/bin'
[2.671s] Level 1:colcon.colcon_core.environment:create_environment_scripts_only(db_subscriber)
[2.672s] INFO:colcon.colcon_core.shell:Creating package script '/home/ys/db_ws/install/db_subscriber/share/db_subscriber/package.ps1'
[2.674s] INFO:colcon.colcon_core.shell:Creating package descriptor '/home/ys/db_ws/install/db_subscriber/share/db_subscriber/package.dsv'
[2.680s] INFO:colcon.colcon_core.shell:Creating package script '/home/ys/db_ws/install/db_subscriber/share/db_subscriber/package.sh'
[2.683s] INFO:colcon.colcon_core.shell:Creating package script '/home/ys/db_ws/install/db_subscriber/share/db_subscriber/package.bash'
[2.684s] INFO:colcon.colcon_core.shell:Creating package script '/home/ys/db_ws/install/db_subscriber/share/db_subscriber/package.zsh'
[2.686s] Level 1:colcon.colcon_core.environment:create_file_with_runtime_dependencies(/home/ys/db_ws/install/db_subscriber/share/colcon-core/packages/db_subscriber)
[2.689s] DEBUG:colcon.colcon_parallel_executor.executor.parallel:closing loop
[2.689s] DEBUG:colcon.colcon_parallel_executor.executor.parallel:loop closed
[2.690s] DEBUG:colcon.colcon_parallel_executor.executor.parallel:run_until_complete finished with '0'
[2.690s] DEBUG:colcon.colcon_core.event_reactor:joining thread
[2.705s] INFO:colcon.colcon_core.plugin_system:Skipping extension 'colcon_notification.desktop_notification.terminal_notifier': Not used on non-Darwin systems
[2.706s] INFO:colcon.colcon_core.plugin_system:Skipping extension 'colcon_notification.desktop_notification.win32': Not used on non-Windows systems
[2.706s] INFO:colcon.colcon_notification.desktop_notification:Sending desktop notification using 'notify2'
[2.743s] DEBUG:colcon.colcon_core.event_reactor:joined thread
[2.745s] INFO:colcon.colcon_core.shell:Creating prefix script '/home/ys/db_ws/install/local_setup.ps1'
[2.746s] INFO:colcon.colcon_core.shell:Creating prefix util module '/home/ys/db_ws/install/_local_setup_util_ps1.py'
[2.748s] INFO:colcon.colcon_core.shell:Creating prefix chain script '/home/ys/db_ws/install/setup.ps1'
[2.754s] INFO:colcon.colcon_core.shell:Creating prefix script '/home/ys/db_ws/install/local_setup.sh'
[2.755s] INFO:colcon.colcon_core.shell:Creating prefix util module '/home/ys/db_ws/install/_local_setup_util_sh.py'
[2.756s] INFO:colcon.colcon_core.shell:Creating prefix chain script '/home/ys/db_ws/install/setup.sh'
[2.764s] INFO:colcon.colcon_core.shell:Creating prefix script '/home/ys/db_ws/install/local_setup.bash'
[2.765s] INFO:colcon.colcon_core.shell:Creating prefix chain script '/home/ys/db_ws/install/setup.bash'
[2.770s] INFO:colcon.colcon_core.shell:Creating prefix script '/home/ys/db_ws/install/local_setup.zsh'
[2.771s] INFO:colcon.colcon_core.shell:Creating prefix chain script '/home/ys/db_ws/install/setup.zsh'
