[0.289s] DEBUG:colcon:Command line arguments: ['/usr/bin/colcon', 'build', '--symlink-install']
[0.290s] DEBUG:colcon:Parsed command line arguments: Namespace(allow_overriding=[], ament_cmake_args=None, base_paths=['.'], build_base='build', catkin_cmake_args=None, catkin_skip_building_tests=False, cmake_args=None, cmake_clean_cache=False, cmake_clean_first=False, cmake_force_configure=False, cmake_target=None, cmake_target_skip_unavailable=False, continue_on_error=False, event_handlers=None, executor='parallel', ignore_user_meta=False, install_base='install', log_base=None, log_level=None, main=<bound method BuildVerb.main of <colcon_core.verb.build.BuildVerb object at 0x7f211e8943a0>>, merge_install=False, metas=['./colcon.meta'], packages_above=None, packages_above_and_dependencies=None, packages_above_depth=None, packages_end=None, packages_ignore=None, packages_ignore_regex=None, packages_select=None, packages_select_build_failed=False, packages_select_by_dep=None, packages_select_regex=None, packages_select_test_failures=False, packages_skip=None, packages_skip_build_finished=False, packages_skip_by_dep=None, packages_skip_regex=None, packages_skip_test_passed=False, packages_skip_up_to=None, packages_start=None, packages_up_to=None, packages_up_to_regex=None, parallel_workers=2, paths=None, symlink_install=True, test_result_base=None, verb_extension=<colcon_core.verb.build.BuildVerb object at 0x7f211e8943a0>, verb_name='build', verb_parser=<colcon_defaults.argument_parser.defaults.DefaultArgumentsDecorator object at 0x7f211e8948e0>)
[0.343s] Level 1:colcon.colcon_core.package_discovery:discover_packages(colcon_meta) check parameters
[0.343s] Level 1:colcon.colcon_core.package_discovery:discover_packages(recursive) check parameters
[0.344s] Level 1:colcon.colcon_core.package_discovery:discover_packages(ignore) check parameters
[0.344s] Level 1:colcon.colcon_core.package_discovery:discover_packages(path) check parameters
[0.344s] Level 1:colcon.colcon_core.package_discovery:discover_packages(colcon_meta) discover
[0.345s] Level 1:colcon.colcon_core.package_discovery:discover_packages(recursive) discover
[0.345s] INFO:colcon.colcon_core.package_discovery:Crawling recursively for packages in '/home/ys/db_ws'
[0.345s] Level 1:colcon.colcon_core.package_identification:_identify(.) by extensions ['ignore', 'ignore_ament_install']
[0.346s] Level 1:colcon.colcon_core.package_identification:_identify(.) by extension 'ignore'
[0.347s] Level 1:colcon.colcon_core.package_identification:_identify(.) by extension 'ignore_ament_install'
[0.348s] Level 1:colcon.colcon_core.package_identification:_identify(.) by extensions ['colcon_pkg']
[0.348s] Level 1:colcon.colcon_core.package_identification:_identify(.) by extension 'colcon_pkg'
[0.349s] Level 1:colcon.colcon_core.package_identification:_identify(.) by extensions ['colcon_meta']
[0.349s] Level 1:colcon.colcon_core.package_identification:_identify(.) by extension 'colcon_meta'
[0.350s] Level 1:colcon.colcon_core.package_identification:_identify(.) by extensions ['ros']
[0.350s] Level 1:colcon.colcon_core.package_identification:_identify(.) by extension 'ros'
[0.377s] Level 1:colcon.colcon_core.package_identification:_identify(.) by extensions ['cmake', 'python']
[0.378s] Level 1:colcon.colcon_core.package_identification:_identify(.) by extension 'cmake'
[0.379s] Level 1:colcon.colcon_core.package_identification:_identify(.) by extension 'python'
[0.379s] Level 1:colcon.colcon_core.package_identification:_identify(.) by extensions ['python_setup_py']
[0.379s] Level 1:colcon.colcon_core.package_identification:_identify(.) by extension 'python_setup_py'
[0.380s] Level 1:colcon.colcon_core.package_identification:_identify(build) by extensions ['ignore', 'ignore_ament_install']
[0.380s] Level 1:colcon.colcon_core.package_identification:_identify(build) by extension 'ignore'
[0.381s] Level 1:colcon.colcon_core.package_identification:_identify(build) ignored
[0.381s] Level 1:colcon.colcon_core.package_identification:_identify(install) by extensions ['ignore', 'ignore_ament_install']
[0.382s] Level 1:colcon.colcon_core.package_identification:_identify(install) by extension 'ignore'
[0.382s] Level 1:colcon.colcon_core.package_identification:_identify(install) ignored
[0.382s] Level 1:colcon.colcon_core.package_identification:_identify(log) by extensions ['ignore', 'ignore_ament_install']
[0.383s] Level 1:colcon.colcon_core.package_identification:_identify(log) by extension 'ignore'
[0.383s] Level 1:colcon.colcon_core.package_identification:_identify(log) ignored
[0.384s] Level 1:colcon.colcon_core.package_identification:_identify(src) by extensions ['ignore', 'ignore_ament_install']
[0.385s] Level 1:colcon.colcon_core.package_identification:_identify(src) by extension 'ignore'
[0.385s] Level 1:colcon.colcon_core.package_identification:_identify(src) by extension 'ignore_ament_install'
[0.385s] Level 1:colcon.colcon_core.package_identification:_identify(src) by extensions ['colcon_pkg']
[0.386s] Level 1:colcon.colcon_core.package_identification:_identify(src) by extension 'colcon_pkg'
[0.386s] Level 1:colcon.colcon_core.package_identification:_identify(src) by extensions ['colcon_meta']
[0.386s] Level 1:colcon.colcon_core.package_identification:_identify(src) by extension 'colcon_meta'
[0.387s] Level 1:colcon.colcon_core.package_identification:_identify(src) by extensions ['ros']
[0.387s] Level 1:colcon.colcon_core.package_identification:_identify(src) by extension 'ros'
[0.387s] Level 1:colcon.colcon_core.package_identification:_identify(src) by extensions ['cmake', 'python']
[0.388s] Level 1:colcon.colcon_core.package_identification:_identify(src) by extension 'cmake'
[0.388s] Level 1:colcon.colcon_core.package_identification:_identify(src) by extension 'python'
[0.389s] Level 1:colcon.colcon_core.package_identification:_identify(src) by extensions ['python_setup_py']
[0.389s] Level 1:colcon.colcon_core.package_identification:_identify(src) by extension 'python_setup_py'
[0.390s] Level 1:colcon.colcon_core.package_identification:_identify(src/db_application) by extensions ['ignore', 'ignore_ament_install']
[0.390s] Level 1:colcon.colcon_core.package_identification:_identify(src/db_application) by extension 'ignore'
[0.391s] Level 1:colcon.colcon_core.package_identification:_identify(src/db_application) by extension 'ignore_ament_install'
[0.391s] Level 1:colcon.colcon_core.package_identification:_identify(src/db_application) by extensions ['colcon_pkg']
[0.391s] Level 1:colcon.colcon_core.package_identification:_identify(src/db_application) by extension 'colcon_pkg'
[0.392s] Level 1:colcon.colcon_core.package_identification:_identify(src/db_application) by extensions ['colcon_meta']
[0.392s] Level 1:colcon.colcon_core.package_identification:_identify(src/db_application) by extension 'colcon_meta'
[0.392s] Level 1:colcon.colcon_core.package_identification:_identify(src/db_application) by extensions ['ros']
[0.392s] Level 1:colcon.colcon_core.package_identification:_identify(src/db_application) by extension 'ros'
[0.395s] DEBUG:colcon.colcon_core.package_identification:Package 'src/db_application' with type 'ros.ament_python' and name 'db_subscriber'
[0.395s] Level 1:colcon.colcon_core.package_discovery:discover_packages(recursive) using defaults
[0.396s] Level 1:colcon.colcon_core.package_discovery:discover_packages(ignore) discover
[0.396s] Level 1:colcon.colcon_core.package_discovery:discover_packages(ignore) using defaults
[0.396s] Level 1:colcon.colcon_core.package_discovery:discover_packages(path) discover
[0.397s] Level 1:colcon.colcon_core.package_discovery:discover_packages(path) using defaults
[0.444s] Level 1:colcon.colcon_core.package_discovery:discover_packages(prefix_path) check parameters
[0.444s] Level 1:colcon.colcon_core.package_discovery:discover_packages(prefix_path) discover
[0.453s] DEBUG:colcon.colcon_installed_package_information.package_discovery:Found 2 installed packages in /home/ys/db_ws/install
[0.455s] DEBUG:colcon.colcon_installed_package_information.package_discovery:Found 4 installed packages in /home/ys/ros2swarm/install
[0.458s] DEBUG:colcon.colcon_installed_package_information.package_discovery:Found 12 installed packages in /home/ys/turtlebot3_ws/install
[0.467s] DEBUG:colcon.colcon_installed_package_information.package_discovery:Found 341 installed packages in /opt/ros/foxy
[0.472s] Level 1:colcon.colcon_core.package_discovery:discover_packages(prefix_path) using defaults
[0.641s] Level 5:colcon.colcon_core.verb:set package 'db_subscriber' build argument 'cmake_args' from command line to 'None'
[0.642s] Level 5:colcon.colcon_core.verb:set package 'db_subscriber' build argument 'cmake_target' from command line to 'None'
[0.642s] Level 5:colcon.colcon_core.verb:set package 'db_subscriber' build argument 'cmake_target_skip_unavailable' from command line to 'False'
[0.643s] Level 5:colcon.colcon_core.verb:set package 'db_subscriber' build argument 'cmake_clean_cache' from command line to 'False'
[0.643s] Level 5:colcon.colcon_core.verb:set package 'db_subscriber' build argument 'cmake_clean_first' from command line to 'False'
[0.644s] Level 5:colcon.colcon_core.verb:set package 'db_subscriber' build argument 'cmake_force_configure' from command line to 'False'
[0.644s] Level 5:colcon.colcon_core.verb:set package 'db_subscriber' build argument 'ament_cmake_args' from command line to 'None'
[0.644s] Level 5:colcon.colcon_core.verb:set package 'db_subscriber' build argument 'catkin_cmake_args' from command line to 'None'
[0.645s] Level 5:colcon.colcon_core.verb:set package 'db_subscriber' build argument 'catkin_skip_building_tests' from command line to 'False'
[0.645s] DEBUG:colcon.colcon_core.verb:Building package 'db_subscriber' with the following arguments: {'ament_cmake_args': None, 'build_base': '/home/ys/db_ws/build/db_subscriber', 'catkin_cmake_args': None, 'catkin_skip_building_tests': False, 'cmake_args': None, 'cmake_clean_cache': False, 'cmake_clean_first': False, 'cmake_force_configure': False, 'cmake_target': None, 'cmake_target_skip_unavailable': False, 'install_base': '/home/ys/db_ws/install/db_subscriber', 'merge_install': False, 'path': '/home/ys/db_ws/src/db_application', 'symlink_install': True, 'test_result_base': None}
[0.646s] INFO:colcon.colcon_core.executor:Executing jobs using 'parallel' executor
[0.651s] DEBUG:colcon.colcon_parallel_executor.executor.parallel:run_until_complete
[0.652s] INFO:colcon.colcon_ros.task.ament_python.build:Building ROS package in '/home/ys/db_ws/src/db_application' with build type 'ament_python'
[0.653s] Level 1:colcon.colcon_core.shell:create_environment_hook('db_subscriber', 'ament_prefix_path')
[0.661s] INFO:colcon.colcon_core.plugin_system:Skipping extension 'colcon_core.shell.bat': Not used on non-Windows systems
[0.665s] INFO:colcon.colcon_core.shell:Creating environment hook '/home/ys/db_ws/install/db_subscriber/share/db_subscriber/hook/ament_prefix_path.ps1'
[0.667s] INFO:colcon.colcon_core.shell:Creating environment descriptor '/home/ys/db_ws/install/db_subscriber/share/db_subscriber/hook/ament_prefix_path.dsv'
[0.669s] INFO:colcon.colcon_core.shell:Creating environment hook '/home/ys/db_ws/install/db_subscriber/share/db_subscriber/hook/ament_prefix_path.sh'
[0.672s] INFO:colcon.colcon_core.shell:Skip shell extension 'powershell' for command environment: Not usable outside of PowerShell
[0.673s] DEBUG:colcon.colcon_core.shell:Skip shell extension 'dsv' for command environment
[1.630s] INFO:colcon.colcon_core.task.python.build:Building Python package in '/home/ys/db_ws/src/db_application'
[1.642s] INFO:colcon.colcon_core.shell:Skip shell extension 'powershell' for command environment: Not usable outside of PowerShell
[1.642s] DEBUG:colcon.colcon_core.shell:Skip shell extension 'dsv' for command environment
[3.396s] DEBUG:colcon.colcon_core.event_handler.log_command:Invoking command in '/home/ys/db_ws/build/db_subscriber': PYTHONPATH=/home/ys/db_ws/install/db_subscriber/lib/python3.8/site-packages:${PYTHONPATH} /usr/bin/python3 setup.py develop --prefix /home/ys/db_ws/install/db_subscriber --editable --build-directory /home/ys/db_ws/build/db_subscriber/build --no-deps install_data --install-dir /home/ys/db_ws/install/db_subscriber
[5.509s] Level 1:colcon.colcon_core.shell:create_environment_hook('db_subscriber', 'pythonpath_develop')
[5.511s] DEBUG:colcon.colcon_core.event_handler.log_command:Invoked command in '/home/ys/db_ws/build/db_subscriber' returned '0': PYTHONPATH=/home/ys/db_ws/install/db_subscriber/lib/python3.8/site-packages:${PYTHONPATH} /usr/bin/python3 setup.py develop --prefix /home/ys/db_ws/install/db_subscriber --editable --build-directory /home/ys/db_ws/build/db_subscriber/build --no-deps install_data --install-dir /home/ys/db_ws/install/db_subscriber
[5.515s] INFO:colcon.colcon_core.shell:Creating environment hook '/home/ys/db_ws/build/db_subscriber/share/db_subscriber/hook/pythonpath_develop.ps1'
[5.520s] INFO:colcon.colcon_core.shell:Creating environment descriptor '/home/ys/db_ws/build/db_subscriber/share/db_subscriber/hook/pythonpath_develop.dsv'
[5.527s] INFO:colcon.colcon_core.shell:Creating environment hook '/home/ys/db_ws/build/db_subscriber/share/db_subscriber/hook/pythonpath_develop.sh'
[5.554s] Level 1:colcon.colcon_core.environment:checking '/home/ys/db_ws/install/db_subscriber' for CMake module files
[5.555s] Level 1:colcon.colcon_core.environment:checking '/home/ys/db_ws/install/db_subscriber' for CMake config files
[5.562s] Level 1:colcon.colcon_core.environment:checking '/home/ys/db_ws/install/db_subscriber/lib'
[5.565s] Level 1:colcon.colcon_core.environment:checking '/home/ys/db_ws/install/db_subscriber/bin'
[5.565s] Level 1:colcon.colcon_core.environment:checking '/home/ys/db_ws/install/db_subscriber/lib/pkgconfig/db_subscriber.pc'
[5.566s] Level 1:colcon.colcon_core.environment:checking '/home/ys/db_ws/install/db_subscriber/lib/python3.8/site-packages'
[5.566s] Level 1:colcon.colcon_core.shell:create_environment_hook('db_subscriber', 'pythonpath')
[5.569s] INFO:colcon.colcon_core.shell:Creating environment hook '/home/ys/db_ws/install/db_subscriber/share/db_subscriber/hook/pythonpath.ps1'
[5.573s] INFO:colcon.colcon_core.shell:Creating environment descriptor '/home/ys/db_ws/install/db_subscriber/share/db_subscriber/hook/pythonpath.dsv'
[5.579s] INFO:colcon.colcon_core.shell:Creating environment hook '/home/ys/db_ws/install/db_subscriber/share/db_subscriber/hook/pythonpath.sh'
[5.583s] Level 1:colcon.colcon_core.environment:checking '/home/ys/db_ws/install/db_subscriber/bin'
[5.584s] Level 1:colcon.colcon_core.environment:create_environment_scripts_only(db_subscriber)
[5.586s] INFO:colcon.colcon_core.shell:Creating package script '/home/ys/db_ws/install/db_subscriber/share/db_subscriber/package.ps1'
[5.590s] INFO:colcon.colcon_core.shell:Creating package descriptor '/home/ys/db_ws/install/db_subscriber/share/db_subscriber/package.dsv'
[5.597s] INFO:colcon.colcon_core.shell:Creating package script '/home/ys/db_ws/install/db_subscriber/share/db_subscriber/package.sh'
[5.603s] INFO:colcon.colcon_core.shell:Creating package script '/home/ys/db_ws/install/db_subscriber/share/db_subscriber/package.bash'
[5.605s] INFO:colcon.colcon_core.shell:Creating package script '/home/ys/db_ws/install/db_subscriber/share/db_subscriber/package.zsh'
[5.610s] Level 1:colcon.colcon_core.environment:create_file_with_runtime_dependencies(/home/ys/db_ws/install/db_subscriber/share/colcon-core/packages/db_subscriber)
[5.616s] DEBUG:colcon.colcon_parallel_executor.executor.parallel:closing loop
[5.618s] DEBUG:colcon.colcon_parallel_executor.executor.parallel:loop closed
[5.618s] DEBUG:colcon.colcon_parallel_executor.executor.parallel:run_until_complete finished with '0'
[5.618s] DEBUG:colcon.colcon_core.event_reactor:joining thread
[5.664s] INFO:colcon.colcon_core.plugin_system:Skipping extension 'colcon_notification.desktop_notification.terminal_notifier': Not used on non-Darwin systems
[5.665s] INFO:colcon.colcon_core.plugin_system:Skipping extension 'colcon_notification.desktop_notification.win32': Not used on non-Windows systems
[5.665s] INFO:colcon.colcon_notification.desktop_notification:Sending desktop notification using 'notify2'
[5.772s] DEBUG:colcon.colcon_core.event_reactor:joined thread
[5.775s] INFO:colcon.colcon_core.shell:Creating prefix script '/home/ys/db_ws/install/local_setup.ps1'
[5.777s] INFO:colcon.colcon_core.shell:Creating prefix util module '/home/ys/db_ws/install/_local_setup_util_ps1.py'
[5.787s] INFO:colcon.colcon_core.shell:Creating prefix chain script '/home/ys/db_ws/install/setup.ps1'
[5.794s] INFO:colcon.colcon_core.shell:Creating prefix script '/home/ys/db_ws/install/local_setup.sh'
[5.799s] INFO:colcon.colcon_core.shell:Creating prefix util module '/home/ys/db_ws/install/_local_setup_util_sh.py'
[5.804s] INFO:colcon.colcon_core.shell:Creating prefix chain script '/home/ys/db_ws/install/setup.sh'
[5.818s] INFO:colcon.colcon_core.shell:Creating prefix script '/home/ys/db_ws/install/local_setup.bash'
[5.820s] INFO:colcon.colcon_core.shell:Creating prefix chain script '/home/ys/db_ws/install/setup.bash'
[5.845s] INFO:colcon.colcon_core.shell:Creating prefix script '/home/ys/db_ws/install/local_setup.zsh'
[5.846s] INFO:colcon.colcon_core.shell:Creating prefix chain script '/home/ys/db_ws/install/setup.zsh'
