[1.413s] DEBUG:colcon:Command line arguments: ['/usr/bin/colcon', 'list', '-p', '--base-paths', '/home/ys/db_ws']
[1.414s] DEBUG:colcon:Parsed command line arguments: Namespace(allow_overriding=[], base_paths=['/home/ys/db_ws'], build_base='build', ignore_user_meta=False, log_base=None, log_level=None, main=<bound method ListVerb.main of <colcon_package_information.verb.list.ListVerb object at 0x7f8c804f81f0>>, metas=['./colcon.meta'], names_only=False, packages_above=None, packages_above_and_dependencies=None, packages_above_depth=None, packages_end=None, packages_ignore=None, packages_ignore_regex=None, packages_select=None, packages_select_build_failed=False, packages_select_by_dep=None, packages_select_regex=None, packages_select_test_failures=False, packages_skip=None, packages_skip_build_finished=False, packages_skip_by_dep=None, packages_skip_regex=None, packages_skip_test_passed=False, packages_skip_up_to=None, packages_start=None, packages_up_to=None, packages_up_to_regex=None, paths=None, paths_only=True, topological_graph=False, topological_graph_density=False, topological_graph_dot=False, topological_graph_dot_cluster=False, topological_graph_dot_include_skipped=False, topological_graph_legend=False, topological_order=False, verb_extension=<colcon_package_information.verb.list.ListVerb object at 0x7f8c804f81f0>, verb_name='list', verb_parser=<colcon_defaults.argument_parser.defaults.DefaultArgumentsDecorator object at 0x7f8c80405460>)
[1.658s] Level 1:colcon.colcon_core.package_discovery:discover_packages(colcon_meta) check parameters
[1.659s] Level 1:colcon.colcon_core.package_discovery:discover_packages(recursive) check parameters
[1.659s] Level 1:colcon.colcon_core.package_discovery:discover_packages(ignore) check parameters
[1.659s] Level 1:colcon.colcon_core.package_discovery:discover_packages(path) check parameters
[1.660s] Level 1:colcon.colcon_core.package_discovery:discover_packages(recursive) discover
[1.660s] INFO:colcon.colcon_core.package_discovery:Crawling recursively for packages in '/home/ys/db_ws'
[1.661s] Level 1:colcon.colcon_core.package_identification:_identify(/home/ys/db_ws) by extensions ['ignore', 'ignore_ament_install']
[1.662s] Level 1:colcon.colcon_core.package_identification:_identify(/home/ys/db_ws) by extension 'ignore'
[1.662s] Level 1:colcon.colcon_core.package_identification:_identify(/home/ys/db_ws) by extension 'ignore_ament_install'
[1.663s] Level 1:colcon.colcon_core.package_identification:_identify(/home/ys/db_ws) by extensions ['colcon_pkg']
[1.663s] Level 1:colcon.colcon_core.package_identification:_identify(/home/ys/db_ws) by extension 'colcon_pkg'
[1.663s] Level 1:colcon.colcon_core.package_identification:_identify(/home/ys/db_ws) by extensions ['colcon_meta']
[1.664s] Level 1:colcon.colcon_core.package_identification:_identify(/home/ys/db_ws) by extension 'colcon_meta'
[1.664s] Level 1:colcon.colcon_core.package_identification:_identify(/home/ys/db_ws) by extensions ['ros']
[1.667s] Level 1:colcon.colcon_core.package_identification:_identify(/home/ys/db_ws) by extension 'ros'
[1.714s] Level 1:colcon.colcon_core.package_identification:_identify(/home/ys/db_ws) by extensions ['cmake', 'python']
[1.724s] Level 1:colcon.colcon_core.package_identification:_identify(/home/ys/db_ws) by extension 'cmake'
[1.724s] Level 1:colcon.colcon_core.package_identification:_identify(/home/ys/db_ws) by extension 'python'
[1.724s] Level 1:colcon.colcon_core.package_identification:_identify(/home/ys/db_ws) by extensions ['python_setup_py']
[1.725s] Level 1:colcon.colcon_core.package_identification:_identify(/home/ys/db_ws) by extension 'python_setup_py'
[1.725s] Level 1:colcon.colcon_core.package_identification:_identify(/home/ys/db_ws/build) by extensions ['ignore', 'ignore_ament_install']
[1.725s] Level 1:colcon.colcon_core.package_identification:_identify(/home/ys/db_ws/build) by extension 'ignore'
[1.725s] Level 1:colcon.colcon_core.package_identification:_identify(/home/ys/db_ws/build) ignored
[1.726s] Level 1:colcon.colcon_core.package_identification:_identify(/home/ys/db_ws/install) by extensions ['ignore', 'ignore_ament_install']
[1.726s] Level 1:colcon.colcon_core.package_identification:_identify(/home/ys/db_ws/install) by extension 'ignore'
[1.726s] Level 1:colcon.colcon_core.package_identification:_identify(/home/ys/db_ws/install) ignored
[1.726s] Level 1:colcon.colcon_core.package_identification:_identify(/home/ys/db_ws/log) by extensions ['ignore', 'ignore_ament_install']
[1.727s] Level 1:colcon.colcon_core.package_identification:_identify(/home/ys/db_ws/log) by extension 'ignore'
[1.727s] Level 1:colcon.colcon_core.package_identification:_identify(/home/ys/db_ws/log) ignored
[1.727s] Level 1:colcon.colcon_core.package_identification:_identify(/home/ys/db_ws/src) by extensions ['ignore', 'ignore_ament_install']
[1.727s] Level 1:colcon.colcon_core.package_identification:_identify(/home/ys/db_ws/src) by extension 'ignore'
[1.727s] Level 1:colcon.colcon_core.package_identification:_identify(/home/ys/db_ws/src) by extension 'ignore_ament_install'
[1.727s] Level 1:colcon.colcon_core.package_identification:_identify(/home/ys/db_ws/src) by extensions ['colcon_pkg']
[1.728s] Level 1:colcon.colcon_core.package_identification:_identify(/home/ys/db_ws/src) by extension 'colcon_pkg'
[1.728s] Level 1:colcon.colcon_core.package_identification:_identify(/home/ys/db_ws/src) by extensions ['colcon_meta']
[1.728s] Level 1:colcon.colcon_core.package_identification:_identify(/home/ys/db_ws/src) by extension 'colcon_meta'
[1.728s] Level 1:colcon.colcon_core.package_identification:_identify(/home/ys/db_ws/src) by extensions ['ros']
[1.728s] Level 1:colcon.colcon_core.package_identification:_identify(/home/ys/db_ws/src) by extension 'ros'
[1.728s] Level 1:colcon.colcon_core.package_identification:_identify(/home/ys/db_ws/src) by extensions ['cmake', 'python']
[1.729s] Level 1:colcon.colcon_core.package_identification:_identify(/home/ys/db_ws/src) by extension 'cmake'
[1.729s] Level 1:colcon.colcon_core.package_identification:_identify(/home/ys/db_ws/src) by extension 'python'
[1.729s] Level 1:colcon.colcon_core.package_identification:_identify(/home/ys/db_ws/src) by extensions ['python_setup_py']
[1.729s] Level 1:colcon.colcon_core.package_identification:_identify(/home/ys/db_ws/src) by extension 'python_setup_py'
[1.729s] Level 1:colcon.colcon_core.package_identification:_identify(/home/ys/db_ws/src/minimal_subscriber) by extensions ['ignore', 'ignore_ament_install']
[1.744s] Level 1:colcon.colcon_core.package_identification:_identify(/home/ys/db_ws/src/minimal_subscriber) by extension 'ignore'
[1.745s] Level 1:colcon.colcon_core.package_identification:_identify(/home/ys/db_ws/src/minimal_subscriber) by extension 'ignore_ament_install'
[1.745s] Level 1:colcon.colcon_core.package_identification:_identify(/home/ys/db_ws/src/minimal_subscriber) by extensions ['colcon_pkg']
[1.745s] Level 1:colcon.colcon_core.package_identification:_identify(/home/ys/db_ws/src/minimal_subscriber) by extension 'colcon_pkg'
[1.745s] Level 1:colcon.colcon_core.package_identification:_identify(/home/ys/db_ws/src/minimal_subscriber) by extensions ['colcon_meta']
[1.745s] Level 1:colcon.colcon_core.package_identification:_identify(/home/ys/db_ws/src/minimal_subscriber) by extension 'colcon_meta'
[1.746s] Level 1:colcon.colcon_core.package_identification:_identify(/home/ys/db_ws/src/minimal_subscriber) by extensions ['ros']
[1.746s] Level 1:colcon.colcon_core.package_identification:_identify(/home/ys/db_ws/src/minimal_subscriber) by extension 'ros'
[1.754s] DEBUG:colcon.colcon_core.package_identification:Package '/home/ys/db_ws/src/minimal_subscriber' with type 'ros.ament_python' and name 'examples_rclpy_minimal_subscriber'
[1.755s] Level 1:colcon.colcon_core.package_discovery:discover_packages(recursive) using defaults
