[0.342s] DEBUG:colcon:Command line arguments: ['/usr/bin/colcon', 'build', '--symlink-install']
[0.343s] DEBUG:colcon:Parsed command line arguments: Namespace(allow_overriding=[], ament_cmake_args=None, base_paths=['.'], build_base='build', catkin_cmake_args=None, catkin_skip_building_tests=False, cmake_args=None, cmake_clean_cache=False, cmake_clean_first=False, cmake_force_configure=False, cmake_target=None, cmake_target_skip_unavailable=False, continue_on_error=False, event_handlers=None, executor='parallel', ignore_user_meta=False, install_base='install', log_base=None, log_level=None, main=<bound method BuildVerb.main of <colcon_core.verb.build.BuildVerb object at 0x7fa83ed056a0>>, merge_install=False, metas=['./colcon.meta'], packages_above=None, packages_above_and_dependencies=None, packages_above_depth=None, packages_end=None, packages_ignore=None, packages_ignore_regex=None, packages_select=None, packages_select_build_failed=False, packages_select_by_dep=None, packages_select_regex=None, packages_select_test_failures=False, packages_skip=None, packages_skip_build_finished=False, packages_skip_by_dep=None, packages_skip_regex=None, packages_skip_test_passed=False, packages_skip_up_to=None, packages_start=None, packages_up_to=None, packages_up_to_regex=None, parallel_workers=2, paths=None, symlink_install=True, test_result_base=None, verb_extension=<colcon_core.verb.build.BuildVerb object at 0x7fa83ed056a0>, verb_name='build', verb_parser=<colcon_defaults.argument_parser.defaults.DefaultArgumentsDecorator object at 0x7fa83ed05be0>)
[0.418s] Level 1:colcon.colcon_core.package_discovery:discover_packages(colcon_meta) check parameters
[0.419s] Level 1:colcon.colcon_core.package_discovery:discover_packages(recursive) check parameters
[0.420s] Level 1:colcon.colcon_core.package_discovery:discover_packages(ignore) check parameters
[0.420s] Level 1:colcon.colcon_core.package_discovery:discover_packages(path) check parameters
[0.420s] Level 1:colcon.colcon_core.package_discovery:discover_packages(colcon_meta) discover
[0.422s] Level 1:colcon.colcon_core.package_discovery:discover_packages(recursive) discover
[0.422s] INFO:colcon.colcon_core.package_discovery:Crawling recursively for packages in '/home/ys/db_ws'
[0.423s] Level 1:colcon.colcon_core.package_identification:_identify(.) by extensions ['ignore', 'ignore_ament_install']
[0.423s] Level 1:colcon.colcon_core.package_identification:_identify(.) by extension 'ignore'
[0.424s] Level 1:colcon.colcon_core.package_identification:_identify(.) by extension 'ignore_ament_install'
[0.424s] Level 1:colcon.colcon_core.package_identification:_identify(.) by extensions ['colcon_pkg']
[0.425s] Level 1:colcon.colcon_core.package_identification:_identify(.) by extension 'colcon_pkg'
[0.425s] Level 1:colcon.colcon_core.package_identification:_identify(.) by extensions ['colcon_meta']
[0.426s] Level 1:colcon.colcon_core.package_identification:_identify(.) by extension 'colcon_meta'
[0.426s] Level 1:colcon.colcon_core.package_identification:_identify(.) by extensions ['ros']
[0.426s] Level 1:colcon.colcon_core.package_identification:_identify(.) by extension 'ros'
[0.474s] Level 1:colcon.colcon_core.package_identification:_identify(.) by extensions ['cmake', 'python']
[0.474s] Level 1:colcon.colcon_core.package_identification:_identify(.) by extension 'cmake'
[0.474s] Level 1:colcon.colcon_core.package_identification:_identify(.) by extension 'python'
[0.474s] Level 1:colcon.colcon_core.package_identification:_identify(.) by extensions ['python_setup_py']
[0.474s] Level 1:colcon.colcon_core.package_identification:_identify(.) by extension 'python_setup_py'
[0.475s] Level 1:colcon.colcon_core.package_identification:_identify(build) by extensions ['ignore', 'ignore_ament_install']
[0.475s] Level 1:colcon.colcon_core.package_identification:_identify(build) by extension 'ignore'
[0.475s] Level 1:colcon.colcon_core.package_identification:_identify(build) ignored
[0.475s] Level 1:colcon.colcon_core.package_identification:_identify(install) by extensions ['ignore', 'ignore_ament_install']
[0.475s] Level 1:colcon.colcon_core.package_identification:_identify(install) by extension 'ignore'
[0.475s] Level 1:colcon.colcon_core.package_identification:_identify(install) ignored
[0.476s] Level 1:colcon.colcon_core.package_identification:_identify(log) by extensions ['ignore', 'ignore_ament_install']
[0.476s] Level 1:colcon.colcon_core.package_identification:_identify(log) by extension 'ignore'
[0.476s] Level 1:colcon.colcon_core.package_identification:_identify(log) ignored
[0.476s] Level 1:colcon.colcon_core.package_identification:_identify(src) by extensions ['ignore', 'ignore_ament_install']
[0.476s] Level 1:colcon.colcon_core.package_identification:_identify(src) by extension 'ignore'
[0.476s] Level 1:colcon.colcon_core.package_identification:_identify(src) by extension 'ignore_ament_install'
[0.476s] Level 1:colcon.colcon_core.package_identification:_identify(src) by extensions ['colcon_pkg']
[0.476s] Level 1:colcon.colcon_core.package_identification:_identify(src) by extension 'colcon_pkg'
[0.476s] Level 1:colcon.colcon_core.package_identification:_identify(src) by extensions ['colcon_meta']
[0.476s] Level 1:colcon.colcon_core.package_identification:_identify(src) by extension 'colcon_meta'
[0.477s] Level 1:colcon.colcon_core.package_identification:_identify(src) by extensions ['ros']
[0.477s] Level 1:colcon.colcon_core.package_identification:_identify(src) by extension 'ros'
[0.477s] Level 1:colcon.colcon_core.package_identification:_identify(src) by extensions ['cmake', 'python']
[0.480s] Level 1:colcon.colcon_core.package_identification:_identify(src) by extension 'cmake'
[0.480s] Level 1:colcon.colcon_core.package_identification:_identify(src) by extension 'python'
[0.480s] Level 1:colcon.colcon_core.package_identification:_identify(src) by extensions ['python_setup_py']
[0.480s] Level 1:colcon.colcon_core.package_identification:_identify(src) by extension 'python_setup_py'
[0.480s] Level 1:colcon.colcon_core.package_identification:_identify(src/db_application) by extensions ['ignore', 'ignore_ament_install']
[0.480s] Level 1:colcon.colcon_core.package_identification:_identify(src/db_application) by extension 'ignore'
[0.481s] Level 1:colcon.colcon_core.package_identification:_identify(src/db_application) by extension 'ignore_ament_install'
[0.481s] Level 1:colcon.colcon_core.package_identification:_identify(src/db_application) by extensions ['colcon_pkg']
[0.481s] Level 1:colcon.colcon_core.package_identification:_identify(src/db_application) by extension 'colcon_pkg'
[0.481s] Level 1:colcon.colcon_core.package_identification:_identify(src/db_application) by extensions ['colcon_meta']
[0.481s] Level 1:colcon.colcon_core.package_identification:_identify(src/db_application) by extension 'colcon_meta'
[0.481s] Level 1:colcon.colcon_core.package_identification:_identify(src/db_application) by extensions ['ros']
[0.481s] Level 1:colcon.colcon_core.package_identification:_identify(src/db_application) by extension 'ros'
[0.487s] DEBUG:colcon.colcon_core.package_identification:Package 'src/db_application' with type 'ros.ament_python' and name 'db_subscriber'
[0.487s] Level 1:colcon.colcon_core.package_discovery:discover_packages(recursive) using defaults
[0.487s] Level 1:colcon.colcon_core.package_discovery:discover_packages(ignore) discover
[0.487s] Level 1:colcon.colcon_core.package_discovery:discover_packages(ignore) using defaults
[0.487s] Level 1:colcon.colcon_core.package_discovery:discover_packages(path) discover
[0.487s] Level 1:colcon.colcon_core.package_discovery:discover_packages(path) using defaults
[0.558s] Level 1:colcon.colcon_core.package_discovery:discover_packages(prefix_path) check parameters
[0.561s] Level 1:colcon.colcon_core.package_discovery:discover_packages(prefix_path) discover
[0.575s] DEBUG:colcon.colcon_installed_package_information.package_discovery:Found 2 installed packages in /home/ys/db_ws/install
[0.580s] DEBUG:colcon.colcon_installed_package_information.package_discovery:Found 4 installed packages in /home/ys/ros2swarm/install
[0.586s] DEBUG:colcon.colcon_installed_package_information.package_discovery:Found 12 installed packages in /home/ys/turtlebot3_ws/install
[0.594s] DEBUG:colcon.colcon_installed_package_information.package_discovery:Found 341 installed packages in /opt/ros/foxy
[0.601s] Level 1:colcon.colcon_core.package_discovery:discover_packages(prefix_path) using defaults
[0.815s] Level 5:colcon.colcon_core.verb:set package 'db_subscriber' build argument 'cmake_args' from command line to 'None'
[0.818s] Level 5:colcon.colcon_core.verb:set package 'db_subscriber' build argument 'cmake_target' from command line to 'None'
[0.818s] Level 5:colcon.colcon_core.verb:set package 'db_subscriber' build argument 'cmake_target_skip_unavailable' from command line to 'False'
[0.818s] Level 5:colcon.colcon_core.verb:set package 'db_subscriber' build argument 'cmake_clean_cache' from command line to 'False'
[0.818s] Level 5:colcon.colcon_core.verb:set package 'db_subscriber' build argument 'cmake_clean_first' from command line to 'False'
[0.818s] Level 5:colcon.colcon_core.verb:set package 'db_subscriber' build argument 'cmake_force_configure' from command line to 'False'
[0.818s] Level 5:colcon.colcon_core.verb:set package 'db_subscriber' build argument 'ament_cmake_args' from command line to 'None'
[0.818s] Level 5:colcon.colcon_core.verb:set package 'db_subscriber' build argument 'catkin_cmake_args' from command line to 'None'
[0.818s] Level 5:colcon.colcon_core.verb:set package 'db_subscriber' build argument 'catkin_skip_building_tests' from command line to 'False'
[0.819s] DEBUG:colcon.colcon_core.verb:Building package 'db_subscriber' with the following arguments: {'ament_cmake_args': None, 'build_base': '/home/ys/db_ws/build/db_subscriber', 'catkin_cmake_args': None, 'catkin_skip_building_tests': False, 'cmake_args': None, 'cmake_clean_cache': False, 'cmake_clean_first': False, 'cmake_force_configure': False, 'cmake_target': None, 'cmake_target_skip_unavailable': False, 'install_base': '/home/ys/db_ws/install/db_subscriber', 'merge_install': False, 'path': '/home/ys/db_ws/src/db_application', 'symlink_install': True, 'test_result_base': None}
[0.821s] INFO:colcon.colcon_core.executor:Executing jobs using 'parallel' executor
[0.828s] DEBUG:colcon.colcon_parallel_executor.executor.parallel:run_until_complete
[0.829s] INFO:colcon.colcon_ros.task.ament_python.build:Building ROS package in '/home/ys/db_ws/src/db_application' with build type 'ament_python'
[0.831s] Level 1:colcon.colcon_core.shell:create_environment_hook('db_subscriber', 'ament_prefix_path')
[0.849s] INFO:colcon.colcon_core.plugin_system:Skipping extension 'colcon_core.shell.bat': Not used on non-Windows systems
[0.853s] INFO:colcon.colcon_core.shell:Creating environment hook '/home/ys/db_ws/install/db_subscriber/share/db_subscriber/hook/ament_prefix_path.ps1'
[0.854s] INFO:colcon.colcon_core.shell:Creating environment descriptor '/home/ys/db_ws/install/db_subscriber/share/db_subscriber/hook/ament_prefix_path.dsv'
[0.856s] INFO:colcon.colcon_core.shell:Creating environment hook '/home/ys/db_ws/install/db_subscriber/share/db_subscriber/hook/ament_prefix_path.sh'
[0.861s] INFO:colcon.colcon_core.shell:Skip shell extension 'powershell' for command environment: Not usable outside of PowerShell
[0.861s] DEBUG:colcon.colcon_core.shell:Skip shell extension 'dsv' for command environment
[2.004s] INFO:colcon.colcon_core.task.python.build:Building Python package in '/home/ys/db_ws/src/db_application'
[2.012s] INFO:colcon.colcon_core.shell:Skip shell extension 'powershell' for command environment: Not usable outside of PowerShell
[2.012s] DEBUG:colcon.colcon_core.shell:Skip shell extension 'dsv' for command environment
[3.640s] DEBUG:colcon.colcon_core.event_handler.log_command:Invoking command in '/home/ys/db_ws/build/db_subscriber': PYTHONPATH=/home/ys/db_ws/install/db_subscriber/lib/python3.8/site-packages:${PYTHONPATH} /usr/bin/python3 setup.py develop --prefix /home/ys/db_ws/install/db_subscriber --editable --build-directory /home/ys/db_ws/build/db_subscriber/build --no-deps install_data --install-dir /home/ys/db_ws/install/db_subscriber
[5.627s] Level 1:colcon.colcon_core.shell:create_environment_hook('db_subscriber', 'pythonpath_develop')
[5.634s] DEBUG:colcon.colcon_core.event_handler.log_command:Invoked command in '/home/ys/db_ws/build/db_subscriber' returned '0': PYTHONPATH=/home/ys/db_ws/install/db_subscriber/lib/python3.8/site-packages:${PYTHONPATH} /usr/bin/python3 setup.py develop --prefix /home/ys/db_ws/install/db_subscriber --editable --build-directory /home/ys/db_ws/build/db_subscriber/build --no-deps install_data --install-dir /home/ys/db_ws/install/db_subscriber
[5.636s] INFO:colcon.colcon_core.shell:Creating environment hook '/home/ys/db_ws/build/db_subscriber/share/db_subscriber/hook/pythonpath_develop.ps1'
[5.640s] INFO:colcon.colcon_core.shell:Creating environment descriptor '/home/ys/db_ws/build/db_subscriber/share/db_subscriber/hook/pythonpath_develop.dsv'
[5.641s] INFO:colcon.colcon_core.shell:Creating environment hook '/home/ys/db_ws/build/db_subscriber/share/db_subscriber/hook/pythonpath_develop.sh'
[5.677s] Level 1:colcon.colcon_core.environment:checking '/home/ys/db_ws/install/db_subscriber' for CMake module files
[5.679s] Level 1:colcon.colcon_core.environment:checking '/home/ys/db_ws/install/db_subscriber' for CMake config files
[5.683s] Level 1:colcon.colcon_core.environment:checking '/home/ys/db_ws/install/db_subscriber/lib'
[5.683s] Level 1:colcon.colcon_core.environment:checking '/home/ys/db_ws/install/db_subscriber/bin'
[5.683s] Level 1:colcon.colcon_core.environment:checking '/home/ys/db_ws/install/db_subscriber/lib/pkgconfig/db_subscriber.pc'
[5.684s] Level 1:colcon.colcon_core.environment:checking '/home/ys/db_ws/install/db_subscriber/lib/python3.8/site-packages'
[5.684s] Level 1:colcon.colcon_core.shell:create_environment_hook('db_subscriber', 'pythonpath')
[5.685s] INFO:colcon.colcon_core.shell:Creating environment hook '/home/ys/db_ws/install/db_subscriber/share/db_subscriber/hook/pythonpath.ps1'
[5.690s] INFO:colcon.colcon_core.shell:Creating environment descriptor '/home/ys/db_ws/install/db_subscriber/share/db_subscriber/hook/pythonpath.dsv'
[5.693s] INFO:colcon.colcon_core.shell:Creating environment hook '/home/ys/db_ws/install/db_subscriber/share/db_subscriber/hook/pythonpath.sh'
[5.695s] Level 1:colcon.colcon_core.environment:checking '/home/ys/db_ws/install/db_subscriber/bin'
[5.697s] Level 1:colcon.colcon_core.environment:create_environment_scripts_only(db_subscriber)
[5.700s] INFO:colcon.colcon_core.shell:Creating package script '/home/ys/db_ws/install/db_subscriber/share/db_subscriber/package.ps1'
[5.705s] INFO:colcon.colcon_core.shell:Creating package descriptor '/home/ys/db_ws/install/db_subscriber/share/db_subscriber/package.dsv'
[5.707s] INFO:colcon.colcon_core.shell:Creating package script '/home/ys/db_ws/install/db_subscriber/share/db_subscriber/package.sh'
[5.714s] INFO:colcon.colcon_core.shell:Creating package script '/home/ys/db_ws/install/db_subscriber/share/db_subscriber/package.bash'
[5.716s] INFO:colcon.colcon_core.shell:Creating package script '/home/ys/db_ws/install/db_subscriber/share/db_subscriber/package.zsh'
[5.718s] Level 1:colcon.colcon_core.environment:create_file_with_runtime_dependencies(/home/ys/db_ws/install/db_subscriber/share/colcon-core/packages/db_subscriber)
[5.722s] DEBUG:colcon.colcon_parallel_executor.executor.parallel:closing loop
[5.724s] DEBUG:colcon.colcon_parallel_executor.executor.parallel:loop closed
[5.724s] DEBUG:colcon.colcon_parallel_executor.executor.parallel:run_until_complete finished with '0'
[5.724s] DEBUG:colcon.colcon_core.event_reactor:joining thread
[5.778s] INFO:colcon.colcon_core.plugin_system:Skipping extension 'colcon_notification.desktop_notification.terminal_notifier': Not used on non-Darwin systems
[5.785s] INFO:colcon.colcon_core.plugin_system:Skipping extension 'colcon_notification.desktop_notification.win32': Not used on non-Windows systems
[5.785s] INFO:colcon.colcon_notification.desktop_notification:Sending desktop notification using 'notify2'
[5.891s] DEBUG:colcon.colcon_core.event_reactor:joined thread
[5.892s] INFO:colcon.colcon_core.shell:Creating prefix script '/home/ys/db_ws/install/local_setup.ps1'
[5.895s] INFO:colcon.colcon_core.shell:Creating prefix util module '/home/ys/db_ws/install/_local_setup_util_ps1.py'
[5.914s] INFO:colcon.colcon_core.shell:Creating prefix chain script '/home/ys/db_ws/install/setup.ps1'
[5.924s] INFO:colcon.colcon_core.shell:Creating prefix script '/home/ys/db_ws/install/local_setup.sh'
[5.929s] INFO:colcon.colcon_core.shell:Creating prefix util module '/home/ys/db_ws/install/_local_setup_util_sh.py'
[5.931s] INFO:colcon.colcon_core.shell:Creating prefix chain script '/home/ys/db_ws/install/setup.sh'
[5.944s] INFO:colcon.colcon_core.shell:Creating prefix script '/home/ys/db_ws/install/local_setup.bash'
[5.945s] INFO:colcon.colcon_core.shell:Creating prefix chain script '/home/ys/db_ws/install/setup.bash'
[5.956s] INFO:colcon.colcon_core.shell:Creating prefix script '/home/ys/db_ws/install/local_setup.zsh'
[5.959s] INFO:colcon.colcon_core.shell:Creating prefix chain script '/home/ys/db_ws/install/setup.zsh'
