[0.301s] DEBUG:colcon:Command line arguments: ['/usr/bin/colcon', 'build', '--symlink-install']
[0.302s] DEBUG:colcon:Parsed command line arguments: Namespace(allow_overriding=[], ament_cmake_args=None, base_paths=['.'], build_base='build', catkin_cmake_args=None, catkin_skip_building_tests=False, cmake_args=None, cmake_clean_cache=False, cmake_clean_first=False, cmake_force_configure=False, cmake_target=None, cmake_target_skip_unavailable=False, continue_on_error=False, event_handlers=None, executor='parallel', ignore_user_meta=False, install_base='install', log_base=None, log_level=None, main=<bound method BuildVerb.main of <colcon_core.verb.build.BuildVerb object at 0x7f2eb98344c0>>, merge_install=False, metas=['./colcon.meta'], packages_above=None, packages_above_and_dependencies=None, packages_above_depth=None, packages_end=None, packages_ignore=None, packages_ignore_regex=None, packages_select=None, packages_select_build_failed=False, packages_select_by_dep=None, packages_select_regex=None, packages_select_test_failures=False, packages_skip=None, packages_skip_build_finished=False, packages_skip_by_dep=None, packages_skip_regex=None, packages_skip_test_passed=False, packages_skip_up_to=None, packages_start=None, packages_up_to=None, packages_up_to_regex=None, parallel_workers=2, paths=None, symlink_install=True, test_result_base=None, verb_extension=<colcon_core.verb.build.BuildVerb object at 0x7f2eb98344c0>, verb_name='build', verb_parser=<colcon_defaults.argument_parser.defaults.DefaultArgumentsDecorator object at 0x7f2eb9834a00>)
[0.370s] Level 1:colcon.colcon_core.package_discovery:discover_packages(colcon_meta) check parameters
[0.370s] Level 1:colcon.colcon_core.package_discovery:discover_packages(recursive) check parameters
[0.370s] Level 1:colcon.colcon_core.package_discovery:discover_packages(ignore) check parameters
[0.375s] Level 1:colcon.colcon_core.package_discovery:discover_packages(path) check parameters
[0.375s] Level 1:colcon.colcon_core.package_discovery:discover_packages(colcon_meta) discover
[0.379s] Level 1:colcon.colcon_core.package_discovery:discover_packages(recursive) discover
[0.379s] INFO:colcon.colcon_core.package_discovery:Crawling recursively for packages in '/home/ys/db_ws'
[0.379s] Level 1:colcon.colcon_core.package_identification:_identify(.) by extensions ['ignore', 'ignore_ament_install']
[0.379s] Level 1:colcon.colcon_core.package_identification:_identify(.) by extension 'ignore'
[0.380s] Level 1:colcon.colcon_core.package_identification:_identify(.) by extension 'ignore_ament_install'
[0.380s] Level 1:colcon.colcon_core.package_identification:_identify(.) by extensions ['colcon_pkg']
[0.380s] Level 1:colcon.colcon_core.package_identification:_identify(.) by extension 'colcon_pkg'
[0.380s] Level 1:colcon.colcon_core.package_identification:_identify(.) by extensions ['colcon_meta']
[0.380s] Level 1:colcon.colcon_core.package_identification:_identify(.) by extension 'colcon_meta'
[0.380s] Level 1:colcon.colcon_core.package_identification:_identify(.) by extensions ['ros']
[0.380s] Level 1:colcon.colcon_core.package_identification:_identify(.) by extension 'ros'
[0.410s] Level 1:colcon.colcon_core.package_identification:_identify(.) by extensions ['cmake', 'python']
[0.411s] Level 1:colcon.colcon_core.package_identification:_identify(.) by extension 'cmake'
[0.411s] Level 1:colcon.colcon_core.package_identification:_identify(.) by extension 'python'
[0.411s] Level 1:colcon.colcon_core.package_identification:_identify(.) by extensions ['python_setup_py']
[0.411s] Level 1:colcon.colcon_core.package_identification:_identify(.) by extension 'python_setup_py'
[0.412s] Level 1:colcon.colcon_core.package_identification:_identify(build) by extensions ['ignore', 'ignore_ament_install']
[0.412s] Level 1:colcon.colcon_core.package_identification:_identify(build) by extension 'ignore'
[0.413s] Level 1:colcon.colcon_core.package_identification:_identify(build) ignored
[0.413s] Level 1:colcon.colcon_core.package_identification:_identify(install) by extensions ['ignore', 'ignore_ament_install']
[0.413s] Level 1:colcon.colcon_core.package_identification:_identify(install) by extension 'ignore'
[0.414s] Level 1:colcon.colcon_core.package_identification:_identify(install) ignored
[0.414s] Level 1:colcon.colcon_core.package_identification:_identify(log) by extensions ['ignore', 'ignore_ament_install']
[0.415s] Level 1:colcon.colcon_core.package_identification:_identify(log) by extension 'ignore'
[0.415s] Level 1:colcon.colcon_core.package_identification:_identify(log) ignored
[0.415s] Level 1:colcon.colcon_core.package_identification:_identify(src) by extensions ['ignore', 'ignore_ament_install']
[0.416s] Level 1:colcon.colcon_core.package_identification:_identify(src) by extension 'ignore'
[0.416s] Level 1:colcon.colcon_core.package_identification:_identify(src) by extension 'ignore_ament_install'
[0.416s] Level 1:colcon.colcon_core.package_identification:_identify(src) by extensions ['colcon_pkg']
[0.416s] Level 1:colcon.colcon_core.package_identification:_identify(src) by extension 'colcon_pkg'
[0.417s] Level 1:colcon.colcon_core.package_identification:_identify(src) by extensions ['colcon_meta']
[0.417s] Level 1:colcon.colcon_core.package_identification:_identify(src) by extension 'colcon_meta'
[0.417s] Level 1:colcon.colcon_core.package_identification:_identify(src) by extensions ['ros']
[0.418s] Level 1:colcon.colcon_core.package_identification:_identify(src) by extension 'ros'
[0.419s] Level 1:colcon.colcon_core.package_identification:_identify(src) by extensions ['cmake', 'python']
[0.419s] Level 1:colcon.colcon_core.package_identification:_identify(src) by extension 'cmake'
[0.419s] Level 1:colcon.colcon_core.package_identification:_identify(src) by extension 'python'
[0.420s] Level 1:colcon.colcon_core.package_identification:_identify(src) by extensions ['python_setup_py']
[0.420s] Level 1:colcon.colcon_core.package_identification:_identify(src) by extension 'python_setup_py'
[0.421s] Level 1:colcon.colcon_core.package_identification:_identify(src/db_application) by extensions ['ignore', 'ignore_ament_install']
[0.422s] Level 1:colcon.colcon_core.package_identification:_identify(src/db_application) by extension 'ignore'
[0.422s] Level 1:colcon.colcon_core.package_identification:_identify(src/db_application) by extension 'ignore_ament_install'
[0.422s] Level 1:colcon.colcon_core.package_identification:_identify(src/db_application) by extensions ['colcon_pkg']
[0.423s] Level 1:colcon.colcon_core.package_identification:_identify(src/db_application) by extension 'colcon_pkg'
[0.423s] Level 1:colcon.colcon_core.package_identification:_identify(src/db_application) by extensions ['colcon_meta']
[0.424s] Level 1:colcon.colcon_core.package_identification:_identify(src/db_application) by extension 'colcon_meta'
[0.425s] Level 1:colcon.colcon_core.package_identification:_identify(src/db_application) by extensions ['ros']
[0.425s] Level 1:colcon.colcon_core.package_identification:_identify(src/db_application) by extension 'ros'
[0.432s] DEBUG:colcon.colcon_core.package_identification:Package 'src/db_application' with type 'ros.ament_python' and name 'db_subscriber'
[0.433s] Level 1:colcon.colcon_core.package_discovery:discover_packages(recursive) using defaults
[0.433s] Level 1:colcon.colcon_core.package_discovery:discover_packages(ignore) discover
[0.433s] Level 1:colcon.colcon_core.package_discovery:discover_packages(ignore) using defaults
[0.434s] Level 1:colcon.colcon_core.package_discovery:discover_packages(path) discover
[0.434s] Level 1:colcon.colcon_core.package_discovery:discover_packages(path) using defaults
[0.499s] Level 1:colcon.colcon_core.package_discovery:discover_packages(prefix_path) check parameters
[0.500s] Level 1:colcon.colcon_core.package_discovery:discover_packages(prefix_path) discover
[0.510s] DEBUG:colcon.colcon_installed_package_information.package_discovery:Found 2 installed packages in /home/ys/db_ws/install
[0.513s] DEBUG:colcon.colcon_installed_package_information.package_discovery:Found 4 installed packages in /home/ys/ros2swarm/install
[0.519s] DEBUG:colcon.colcon_installed_package_information.package_discovery:Found 12 installed packages in /home/ys/turtlebot3_ws/install
[0.531s] DEBUG:colcon.colcon_installed_package_information.package_discovery:Found 341 installed packages in /opt/ros/foxy
[0.536s] Level 1:colcon.colcon_core.package_discovery:discover_packages(prefix_path) using defaults
[0.768s] Level 5:colcon.colcon_core.verb:set package 'db_subscriber' build argument 'cmake_args' from command line to 'None'
[0.769s] Level 5:colcon.colcon_core.verb:set package 'db_subscriber' build argument 'cmake_target' from command line to 'None'
[0.770s] Level 5:colcon.colcon_core.verb:set package 'db_subscriber' build argument 'cmake_target_skip_unavailable' from command line to 'False'
[0.770s] Level 5:colcon.colcon_core.verb:set package 'db_subscriber' build argument 'cmake_clean_cache' from command line to 'False'
[0.770s] Level 5:colcon.colcon_core.verb:set package 'db_subscriber' build argument 'cmake_clean_first' from command line to 'False'
[0.771s] Level 5:colcon.colcon_core.verb:set package 'db_subscriber' build argument 'cmake_force_configure' from command line to 'False'
[0.772s] Level 5:colcon.colcon_core.verb:set package 'db_subscriber' build argument 'ament_cmake_args' from command line to 'None'
[0.772s] Level 5:colcon.colcon_core.verb:set package 'db_subscriber' build argument 'catkin_cmake_args' from command line to 'None'
[0.773s] Level 5:colcon.colcon_core.verb:set package 'db_subscriber' build argument 'catkin_skip_building_tests' from command line to 'False'
[0.775s] DEBUG:colcon.colcon_core.verb:Building package 'db_subscriber' with the following arguments: {'ament_cmake_args': None, 'build_base': '/home/ys/db_ws/build/db_subscriber', 'catkin_cmake_args': None, 'catkin_skip_building_tests': False, 'cmake_args': None, 'cmake_clean_cache': False, 'cmake_clean_first': False, 'cmake_force_configure': False, 'cmake_target': None, 'cmake_target_skip_unavailable': False, 'install_base': '/home/ys/db_ws/install/db_subscriber', 'merge_install': False, 'path': '/home/ys/db_ws/src/db_application', 'symlink_install': True, 'test_result_base': None}
[0.777s] INFO:colcon.colcon_core.executor:Executing jobs using 'parallel' executor
[0.799s] DEBUG:colcon.colcon_parallel_executor.executor.parallel:run_until_complete
[0.801s] INFO:colcon.colcon_ros.task.ament_python.build:Building ROS package in '/home/ys/db_ws/src/db_application' with build type 'ament_python'
[0.803s] Level 1:colcon.colcon_core.shell:create_environment_hook('db_subscriber', 'ament_prefix_path')
[0.822s] INFO:colcon.colcon_core.plugin_system:Skipping extension 'colcon_core.shell.bat': Not used on non-Windows systems
[0.826s] INFO:colcon.colcon_core.shell:Creating environment hook '/home/ys/db_ws/install/db_subscriber/share/db_subscriber/hook/ament_prefix_path.ps1'
[0.828s] INFO:colcon.colcon_core.shell:Creating environment descriptor '/home/ys/db_ws/install/db_subscriber/share/db_subscriber/hook/ament_prefix_path.dsv'
[0.831s] INFO:colcon.colcon_core.shell:Creating environment hook '/home/ys/db_ws/install/db_subscriber/share/db_subscriber/hook/ament_prefix_path.sh'
[0.836s] INFO:colcon.colcon_core.shell:Skip shell extension 'powershell' for command environment: Not usable outside of PowerShell
[0.836s] DEBUG:colcon.colcon_core.shell:Skip shell extension 'dsv' for command environment
[2.209s] INFO:colcon.colcon_core.task.python.build:Building Python package in '/home/ys/db_ws/src/db_application'
[2.226s] INFO:colcon.colcon_core.shell:Skip shell extension 'powershell' for command environment: Not usable outside of PowerShell
[2.226s] DEBUG:colcon.colcon_core.shell:Skip shell extension 'dsv' for command environment
[4.320s] DEBUG:colcon.colcon_core.event_handler.log_command:Invoking command in '/home/ys/db_ws/build/db_subscriber': PYTHONPATH=/home/ys/db_ws/install/db_subscriber/lib/python3.8/site-packages:${PYTHONPATH} /usr/bin/python3 setup.py develop --prefix /home/ys/db_ws/install/db_subscriber --editable --build-directory /home/ys/db_ws/build/db_subscriber/build --no-deps install_data --install-dir /home/ys/db_ws/install/db_subscriber
[6.366s] Level 1:colcon.colcon_core.shell:create_environment_hook('db_subscriber', 'pythonpath_develop')
[6.380s] DEBUG:colcon.colcon_core.event_handler.log_command:Invoked command in '/home/ys/db_ws/build/db_subscriber' returned '0': PYTHONPATH=/home/ys/db_ws/install/db_subscriber/lib/python3.8/site-packages:${PYTHONPATH} /usr/bin/python3 setup.py develop --prefix /home/ys/db_ws/install/db_subscriber --editable --build-directory /home/ys/db_ws/build/db_subscriber/build --no-deps install_data --install-dir /home/ys/db_ws/install/db_subscriber
[6.380s] INFO:colcon.colcon_core.shell:Creating environment hook '/home/ys/db_ws/build/db_subscriber/share/db_subscriber/hook/pythonpath_develop.ps1'
[6.384s] INFO:colcon.colcon_core.shell:Creating environment descriptor '/home/ys/db_ws/build/db_subscriber/share/db_subscriber/hook/pythonpath_develop.dsv'
[6.392s] INFO:colcon.colcon_core.shell:Creating environment hook '/home/ys/db_ws/build/db_subscriber/share/db_subscriber/hook/pythonpath_develop.sh'
[6.419s] Level 1:colcon.colcon_core.environment:checking '/home/ys/db_ws/install/db_subscriber' for CMake module files
[6.427s] Level 1:colcon.colcon_core.environment:checking '/home/ys/db_ws/install/db_subscriber' for CMake config files
[6.430s] Level 1:colcon.colcon_core.environment:checking '/home/ys/db_ws/install/db_subscriber/lib'
[6.430s] Level 1:colcon.colcon_core.environment:checking '/home/ys/db_ws/install/db_subscriber/bin'
[6.430s] Level 1:colcon.colcon_core.environment:checking '/home/ys/db_ws/install/db_subscriber/lib/pkgconfig/db_subscriber.pc'
[6.431s] Level 1:colcon.colcon_core.environment:checking '/home/ys/db_ws/install/db_subscriber/lib/python3.8/site-packages'
[6.431s] Level 1:colcon.colcon_core.shell:create_environment_hook('db_subscriber', 'pythonpath')
[6.432s] INFO:colcon.colcon_core.shell:Creating environment hook '/home/ys/db_ws/install/db_subscriber/share/db_subscriber/hook/pythonpath.ps1'
[6.438s] INFO:colcon.colcon_core.shell:Creating environment descriptor '/home/ys/db_ws/install/db_subscriber/share/db_subscriber/hook/pythonpath.dsv'
[6.443s] INFO:colcon.colcon_core.shell:Creating environment hook '/home/ys/db_ws/install/db_subscriber/share/db_subscriber/hook/pythonpath.sh'
[6.446s] Level 1:colcon.colcon_core.environment:checking '/home/ys/db_ws/install/db_subscriber/bin'
[6.447s] Level 1:colcon.colcon_core.environment:create_environment_scripts_only(db_subscriber)
[6.448s] INFO:colcon.colcon_core.shell:Creating package script '/home/ys/db_ws/install/db_subscriber/share/db_subscriber/package.ps1'
[6.454s] INFO:colcon.colcon_core.shell:Creating package descriptor '/home/ys/db_ws/install/db_subscriber/share/db_subscriber/package.dsv'
[6.459s] INFO:colcon.colcon_core.shell:Creating package script '/home/ys/db_ws/install/db_subscriber/share/db_subscriber/package.sh'
[6.461s] INFO:colcon.colcon_core.shell:Creating package script '/home/ys/db_ws/install/db_subscriber/share/db_subscriber/package.bash'
[6.462s] INFO:colcon.colcon_core.shell:Creating package script '/home/ys/db_ws/install/db_subscriber/share/db_subscriber/package.zsh'
[6.468s] Level 1:colcon.colcon_core.environment:create_file_with_runtime_dependencies(/home/ys/db_ws/install/db_subscriber/share/colcon-core/packages/db_subscriber)
[6.479s] DEBUG:colcon.colcon_parallel_executor.executor.parallel:closing loop
[6.480s] DEBUG:colcon.colcon_parallel_executor.executor.parallel:loop closed
[6.481s] DEBUG:colcon.colcon_parallel_executor.executor.parallel:run_until_complete finished with '0'
[6.481s] DEBUG:colcon.colcon_core.event_reactor:joining thread
[6.516s] INFO:colcon.colcon_core.plugin_system:Skipping extension 'colcon_notification.desktop_notification.terminal_notifier': Not used on non-Darwin systems
[6.516s] INFO:colcon.colcon_core.plugin_system:Skipping extension 'colcon_notification.desktop_notification.win32': Not used on non-Windows systems
[6.518s] INFO:colcon.colcon_notification.desktop_notification:Sending desktop notification using 'notify2'
[6.629s] DEBUG:colcon.colcon_core.event_reactor:joined thread
[6.631s] INFO:colcon.colcon_core.shell:Creating prefix script '/home/ys/db_ws/install/local_setup.ps1'
[6.632s] INFO:colcon.colcon_core.shell:Creating prefix util module '/home/ys/db_ws/install/_local_setup_util_ps1.py'
[6.634s] INFO:colcon.colcon_core.shell:Creating prefix chain script '/home/ys/db_ws/install/setup.ps1'
[6.649s] INFO:colcon.colcon_core.shell:Creating prefix script '/home/ys/db_ws/install/local_setup.sh'
[6.653s] INFO:colcon.colcon_core.shell:Creating prefix util module '/home/ys/db_ws/install/_local_setup_util_sh.py'
[6.657s] INFO:colcon.colcon_core.shell:Creating prefix chain script '/home/ys/db_ws/install/setup.sh'
[6.663s] INFO:colcon.colcon_core.shell:Creating prefix script '/home/ys/db_ws/install/local_setup.bash'
[6.668s] INFO:colcon.colcon_core.shell:Creating prefix chain script '/home/ys/db_ws/install/setup.bash'
[6.677s] INFO:colcon.colcon_core.shell:Creating prefix script '/home/ys/db_ws/install/local_setup.zsh'
[6.679s] INFO:colcon.colcon_core.shell:Creating prefix chain script '/home/ys/db_ws/install/setup.zsh'
